

Microchip Technology PIC18 LITE Macro Assembler V1.30 build 55553 
                                                                                               Tue Jan 29 10:46:55 2019

Microchip Technology Omniscient Code Generator (Lite mode) build 55553
     1                           	processor	18F4550
     2                           	fnconf	rparam,??,?,0
     3                           	opt	pw 120
     4                           	opt	lm
     5                           	psect	text0,global,reloc=2,class=CODE,delta=1
     6                           	psect	cinit,global,reloc=2,class=CODE,delta=1
     7                           	psect	cstackCOMRAM,global,class=COMRAM,space=1,delta=1
     8                           	psect	text1,global,reloc=2,class=CODE,delta=1
     9                           	psect	intsave_regs,global,class=BIGRAM,space=1,delta=1
    10                           	psect	rparam,global,class=COMRAM,space=1,delta=1
    11  0000                     _LATC	set	3979
    12  0000                     _TRISC	set	3988
    13                           
    14                           ; 0 bytes @ 0x6
    15 ;;
    16 ;;Main: autosize = 0, tempsize = 0, incstack = 0, save=0
    17 ;;
    18 ;; *************** function _main *****************
    19 ;; Defined at:
    20 ;;		line 11 in file "stepper.c"
    21 ;; Parameters:    Size  Location     Type
    22 ;;		None
    23 ;; Auto vars:     Size  Location     Type
    24 ;;		None
    25 ;; Return value:  Size  Location     Type
    26 ;;		None               void
    27 ;; Registers used:
    28 ;;		wreg, status,2, status,0, cstack
    29 ;; Tracked objects:
    30 ;;		On entry : 0/0
    31 ;;		On exit  : 0/0
    32 ;;		Unchanged: 0/0
    33 ;; Data sizes:     COMRAM   BANK0   BANK1   BANK2   BANK3   BANK4   BANK5   BANK6   BANK7
    34 ;;      Params:         0       0       0       0       0       0       0       0       0
    35 ;;      Locals:         0       0       0       0       0       0       0       0       0
    36 ;;      Temps:          0       0       0       0       0       0       0       0       0
    37 ;;      Totals:         0       0       0       0       0       0       0       0       0
    38 ;;Total ram usage:        0 bytes
    39 ;; Hardware stack levels required when called:    1
    40 ;; This function calls:
    41 ;;		_delay
    42 ;; This function is called by:
    43 ;;		Startup code after reset
    44 ;; This function uses a non-reentrant model
    45 ;;
    46                           
    47                           	psect	text0
    48  007FB8                     __ptext0:
    49                           	opt stack 0
    50  007FB8                     _main:
    51                           	opt stack 30
    52                           
    53                           ;stepper.c: 13: TRISC = 0x00;
    54                           
    55                           ;incstack = 0
    56  007FB8  0E00               	movlw	0
    57  007FBA  6E94               	movwf	3988,c	;volatile
    58                           
    59                           ;stepper.c: 14: LATC = 0xFF;
    60  007FBC  688B               	setf	3979,c	;volatile
    61  007FBE                     l15:
    62                           
    63                           ;stepper.c: 17: {
    64                           ;stepper.c: 18: LATC = 0x01;
    65  007FBE  0E01               	movlw	1
    66  007FC0  6E8B               	movwf	3979,c	;volatile
    67                           
    68                           ;stepper.c: 19: delay(10);
    69  007FC2  0E00               	movlw	0
    70  007FC4  6E02               	movwf	delay@time+1,c
    71  007FC6  0E0A               	movlw	10
    72  007FC8  6E01               	movwf	delay@time,c
    73  007FCA  ECC1  F03F         	call	_delay	;wreg free
    74                           
    75                           ;stepper.c: 20: LATC = 0x02;
    76  007FCE  0E02               	movlw	2
    77  007FD0  6E8B               	movwf	3979,c	;volatile
    78                           
    79                           ;stepper.c: 21: delay(10);
    80  007FD2  0E00               	movlw	0
    81  007FD4  6E02               	movwf	delay@time+1,c
    82  007FD6  0E0A               	movlw	10
    83  007FD8  6E01               	movwf	delay@time,c
    84  007FDA  ECC1  F03F         	call	_delay	;wreg free
    85                           
    86                           ;stepper.c: 22: LATC = 0x04;
    87  007FDE  0E04               	movlw	4
    88  007FE0  6E8B               	movwf	3979,c	;volatile
    89                           
    90                           ;stepper.c: 23: delay(10);
    91  007FE2  0E00               	movlw	0
    92  007FE4  6E02               	movwf	delay@time+1,c
    93  007FE6  0E0A               	movlw	10
    94  007FE8  6E01               	movwf	delay@time,c
    95  007FEA  ECC1  F03F         	call	_delay	;wreg free
    96                           
    97                           ;stepper.c: 24: LATC = 0x20;
    98  007FEE  0E20               	movlw	32
    99  007FF0  6E8B               	movwf	3979,c	;volatile
   100                           
   101                           ;stepper.c: 25: delay(10);
   102  007FF2  0E00               	movlw	0
   103  007FF4  6E02               	movwf	delay@time+1,c
   104  007FF6  0E0A               	movlw	10
   105  007FF8  6E01               	movwf	delay@time,c
   106  007FFA  ECC1  F03F         	call	_delay	;wreg free
   107  007FFE  D7DF               	goto	l15
   108  008000                     __end_of_main:
   109                           	opt stack 0
   110                           
   111                           	psect	cinit
   112  007F7C                     __pcinit:
   113                           	opt stack 0
   114  007F7C                     start_initialization:
   115                           	opt stack 0
   116  007F7C                     __initialization:
   117                           	opt stack 0
   118  007F7C                     end_of_initialization:
   119                           	opt stack 0
   120  007F7C                     __end_of__initialization:
   121                           	opt stack 0
   122  007F7C  0100               	movlb	0
   123  007F7E  EFDC  F03F         	goto	_main	;jump to C main() function
   124                           
   125                           	psect	cstackCOMRAM
   126  000001                     __pcstackCOMRAM:
   127                           	opt stack 0
   128  000001                     delay@time:
   129                           	opt stack 0
   130                           
   131                           ; 2 bytes @ 0x0
   132  000001                     	ds	2
   133  000003                     delay@i:
   134                           	opt stack 0
   135                           
   136                           ; 2 bytes @ 0x2
   137  000003                     	ds	2
   138  000005                     delay@j:
   139                           	opt stack 0
   140                           
   141                           ; 2 bytes @ 0x4
   142  000005                     	ds	2
   143  000007                     
   144 ;; *************** function _delay *****************
   145 ;; Defined at:
   146 ;;		line 4 in file "stepper.c"
   147 ;; Parameters:    Size  Location     Type
   148 ;;  time            2    0[COMRAM] unsigned int 
   149 ;; Auto vars:     Size  Location     Type
   150 ;;  j               2    4[COMRAM] unsigned int 
   151 ;;  i               2    2[COMRAM] unsigned int 
   152 ;; Return value:  Size  Location     Type
   153 ;;		None               void
   154 ;; Registers used:
   155 ;;		wreg, status,2, status,0
   156 ;; Tracked objects:
   157 ;;		On entry : 0/0
   158 ;;		On exit  : 0/0
   159 ;;		Unchanged: 0/0
   160 ;; Data sizes:     COMRAM   BANK0   BANK1   BANK2   BANK3   BANK4   BANK5   BANK6   BANK7
   161 ;;      Params:         2       0       0       0       0       0       0       0       0
   162 ;;      Locals:         4       0       0       0       0       0       0       0       0
   163 ;;      Temps:          0       0       0       0       0       0       0       0       0
   164 ;;      Totals:         6       0       0       0       0       0       0       0       0
   165 ;;Total ram usage:        6 bytes
   166 ;; Hardware stack levels used:    1
   167 ;; This function calls:
   168 ;;		Nothing
   169 ;; This function is called by:
   170 ;;		_main
   171 ;; This function uses a non-reentrant model
   172 ;;
   173                           
   174                           	psect	text1
   175  007F82                     __ptext1:
   176                           	opt stack 0
   177  007F82                     _delay:
   178                           	opt stack 30
   179                           
   180                           ;stepper.c: 6: unsigned int i,j;
   181                           ;stepper.c: 7: for(i=0;i<time;i++)
   182                           
   183                           ;incstack = 0
   184  007F82  0E00               	movlw	0
   185  007F84  6E04               	movwf	delay@i+1,c
   186  007F86  0E00               	movlw	0
   187  007F88  6E03               	movwf	delay@i,c
   188  007F8A  D00F               	goto	l608
   189  007F8C                     l596:
   190                           
   191                           ;stepper.c: 8: for(j=0;j<5000;j++);
   192  007F8C  0E00               	movlw	0
   193  007F8E  6E06               	movwf	delay@j+1,c
   194  007F90  0E00               	movlw	0
   195  007F92  6E05               	movwf	delay@j,c
   196  007F94  0E88               	movlw	136
   197  007F96  5C05               	subwf	delay@j,w,c
   198  007F98  0E13               	movlw	19
   199  007F9A  5806               	subwfb	delay@j+1,w,c
   200  007F9C  B0D8               	btfsc	status,0,c
   201  007F9E  D003               	goto	l606
   202  007FA0  4A05               	infsnz	delay@j,f,c
   203  007FA2  2A06               	incf	delay@j+1,f,c
   204  007FA4  D7F7               	goto	L1
   205  007FA6                     l606:
   206  007FA6  4A03               	infsnz	delay@i,f,c
   207  007FA8  2A04               	incf	delay@i+1,f,c
   208  007FAA                     l608:
   209  007FAA  5001               	movf	delay@time,w,c
   210  007FAC  5C03               	subwf	delay@i,w,c
   211  007FAE  5002               	movf	delay@time+1,w,c
   212  007FB0  5804               	subwfb	delay@i+1,w,c
   213  007FB2  B0D8               	btfsc	status,0,c
   214  007FB4  0012               	return	
   215  007FB6  D7EA               	goto	l596
   216  007FB8                     __end_of_delay:
   217                           	opt stack 0
   218  0000                     status	equ	0xFD8
   219                           status	equ	0xFD8
   220                           
   221                           	psect	rparam
   222  0000                     status	equ	0xFD8


Data Sizes:
    Strings     0
    Constant    0
    Data        0
    BSS         0
    Persistent  0
    Stack       0

Auto Spaces:
    Space          Size  Autos    Used
    COMRAM           95      6       6
    BANK0           160      0       0
    BANK1           256      0       0
    BANK2           256      0       0
    BANK3           256      0       0
    BANK4           256      0       0
    BANK5           256      0       0
    BANK6           256      0       0
    BANK7           256      0       0

Pointer List with Targets:

    None.

Critical Paths under _main in COMRAM

    _main->_delay

Critical Paths under _main in BANK0

    None.

Critical Paths under _main in BANK1

    None.

Critical Paths under _main in BANK2

    None.

Critical Paths under _main in BANK3

    None.

Critical Paths under _main in BANK4

    None.

Critical Paths under _main in BANK5

    None.

Critical Paths under _main in BANK6

    None.

Critical Paths under _main in BANK7

    None.

Call Graph Tables:

 ---------------------------------------------------------------------------------
 (Depth) Function   	        Calls       Base Space   Used Autos Params    Refs
 ---------------------------------------------------------------------------------
 (0) _main                                                 0     0      0     196
                              _delay
 ---------------------------------------------------------------------------------
 (1) _delay                                                6     4      2     196
                                              0 COMRAM     6     4      2
 ---------------------------------------------------------------------------------
 Estimated maximum stack depth 1
 ---------------------------------------------------------------------------------

 Call Graph Graphs:

 _main (ROOT)
   _delay

 Address spaces:
Name               Size   Autos  Total    Cost      Usage
BITCOMRAM           5F      0       0       0        0.0%
EEDATA             100      0       0       0        0.0%
NULL                 0      0       0       0        0.0%
CODE                 0      0       0       0        0.0%
COMRAM              5F      6       6       1        6.3%
STACK                0      0       0       2        0.0%
DATA                 0      0       0       3        0.0%
BITBANK0            A0      0       0       4        0.0%
BANK0               A0      0       0       5        0.0%
BITBANK1           100      0       0       6        0.0%
BANK1              100      0       0       7        0.0%
BITBANK2           100      0       0       8        0.0%
BANK2              100      0       0       9        0.0%
BITBANK3           100      0       0      10        0.0%
BANK3              100      0       0      11        0.0%
BITBANK4           100      0       0      12        0.0%
BANK4              100      0       0      13        0.0%
BITBANK5           100      0       0      14        0.0%
BANK5              100      0       0      15        0.0%
BITBANK6           100      0       0      16        0.0%
BANK6              100      0       0      17        0.0%
BITBANK7           100      0       0      18        0.0%
BANK7              100      0       0      19        0.0%
ABS                  0      0       0      20        0.0%
BIGRAM             7FF      0       0      21        0.0%
BITSFR               0      0       0      40        0.0%
SFR                  0      0       0      40        0.0%


Microchip Technology PIC18 Macro Assembler V1.30 build 55553 
Symbol Table                                                                                   Tue Jan 29 10:46:55 2019

                     l15 7FBE                      l606 7FA6                      l608 7FAA  
                    l596 7F8C                     _LATC 000F8B                     _main 7FB8  
                   start 0800                    ?_main 0001                    _TRISC 000F94  
                  _delay 7F82                    status 000FD8          __initialization 7F7C  
           __end_of_main 8000                   ??_main 0007            __activetblptr 000000  
                 ?_delay 0001                   delay@i 0003                   delay@j 0005  
             __accesstop 0060  __end_of__initialization 7F7C           __pcstackCOMRAM 0001  
          __end_of_delay 7FB8                  ??_delay 0003                  __Hparam 0000  
                __Lparam 0000                  __pcinit 7F7C                  __ramtop 0800  
                __ptext0 7FB8                  __ptext1 7F82     end_of_initialization 7F7C  
    start_initialization 7F7C           __size_of_delay 0036                delay@time 0001  
               __Hrparam 0000                 __Lrparam 0000            __size_of_main 0048  
