

Microchip Technology PIC18 LITE Macro Assembler V1.30 build 55553 
                                                                                               Wed Jun 15 13:14:11 2016

Microchip Technology Omniscient Code Generator (Lite mode) build 55553
     1                           	processor	18F4550
     2                           	fnconf	rparam,??,?,0
     3                           	opt	pw 120
     4                           	opt	lm
     5                           	psect	intcodelo,global,reloc=2,class=CODE,delta=1
     6                           	psect	cinit,global,reloc=2,class=CODE,delta=1
     7                           	psect	bitbssCOMRAM,global,bit,class=COMRAM,space=1,delta=1
     8                           	psect	cstackCOMRAM,global,class=COMRAM,space=1,delta=1
     9                           	psect	text0,global,reloc=2,class=CODE,delta=1
    10                           	psect	text1,global,reloc=2,class=CODE,delta=1
    11                           	psect	text2,global,reloc=2,class=CODE,delta=1
    12                           	psect	intsave_regs,global,class=BIGRAM,space=1,delta=1
    13                           	psect	rparam,global,class=COMRAM,space=1,delta=1
    14  0000                     _INTCON	set	4082
    15  0000                     _INTCON2bits	set	4081
    16  0000                     _LATB	set	3978
    17  0000                     _RCONbits	set	4048
    18  0000                     _T0CON	set	4053
    19  0000                     _TMR0H	set	4055
    20  0000                     _TMR0L	set	4054
    21  0000                     _TRISB	set	3987
    22  0000                     _TMR0IF	set	32658
    23  0000                     _TMR0ON	set	32431
    24                           
    25 ;; *************** function _timerinterrupt *****************
    26 ;; Defined at:
    27 ;;		line 30 in file "main.c"
    28 ;; Parameters:    Size  Location     Type
    29 ;;		None
    30 ;; Auto vars:     Size  Location     Type
    31 ;;		None
    32 ;; Return value:  Size  Location     Type
    33 ;;		None               void
    34 ;; Registers used:
    35 ;;		wreg, status,2, status,0
    36 ;; Tracked objects:
    37 ;;		On entry : 0/0
    38 ;;		On exit  : 0/0
    39 ;;		Unchanged: 0/0
    40 ;; Data sizes:     COMRAM   BANK0   BANK1   BANK2   BANK3   BANK4   BANK5   BANK6   BANK7
    41 ;;      Params:         0       0       0       0       0       0       0       0       0
    42 ;;      Locals:         0       0       0       0       0       0       0       0       0
    43 ;;      Temps:         17       0       0       0       0       0       0       0       0
    44 ;;      Totals:        17       0       0       0       0       0       0       0       0
    45 ;;Total ram usage:       17 bytes
    46 ;; Hardware stack levels used:    1
    47 ;; This function calls:
    48 ;;		Nothing
    49 ;; This function is called by:
    50 ;;		Interrupt level 1
    51 ;; This function uses a non-reentrant model
    52 ;;
    53                           
    54                           	psect	intcodelo
    55  000818                     __pintcodelo:
    56                           	opt stack 0
    57  000818                     _timerinterrupt:
    58                           	opt stack 29
    59                           
    60                           ;incstack = 0
    61  000818  CFD8 F001          	movff	status,??_timerinterrupt
    62  00081C  CFE8 F002          	movff	wreg,??_timerinterrupt+1
    63  000820  CFE0 F003          	movff	bsr,??_timerinterrupt+2
    64  000824  CFFA F004          	movff	pclath,??_timerinterrupt+3
    65  000828  CFFB F005          	movff	pclatu,??_timerinterrupt+4
    66  00082C  CFE9 F006          	movff	fsr0l,??_timerinterrupt+5
    67  000830  CFEA F007          	movff	fsr0h,??_timerinterrupt+6
    68  000834  CFE1 F008          	movff	fsr1l,??_timerinterrupt+7
    69  000838  CFE2 F009          	movff	fsr1h,??_timerinterrupt+8
    70  00083C  CFD9 F00A          	movff	fsr2l,??_timerinterrupt+9
    71  000840  CFDA F00B          	movff	fsr2h,??_timerinterrupt+10
    72  000844  CFF3 F00C          	movff	prodl,??_timerinterrupt+11
    73  000848  CFF4 F00D          	movff	prodh,??_timerinterrupt+12
    74  00084C  CFF6 F00E          	movff	tblptrl,??_timerinterrupt+13
    75  000850  CFF7 F00F          	movff	tblptrh,??_timerinterrupt+14
    76  000854  CFF8 F010          	movff	tblptru,??_timerinterrupt+15
    77  000858  CFF5 F011          	movff	tablat,??_timerinterrupt+16
    78                           
    79                           ;main.c: 32: if(TMR0IF == 1)
    80  00085C  A4F2               	btfss	intcon,2,c	;volatile
    81  00085E  D008               	goto	i1l32
    82                           
    83                           ;main.c: 33: {
    84                           ;main.c: 34: TMR0ON = 0;
    85  000860  9ED5               	bcf	4053,7,c	;volatile
    86                           
    87                           ;main.c: 35: TMR0IF = 0;
    88  000862  94F2               	bcf	intcon,2,c	;volatile
    89                           
    90                           ;main.c: 36: TMR0H = 0xED;
    91  000864  0EED               	movlw	237
    92  000866  6ED7               	movwf	4055,c	;volatile
    93                           
    94                           ;main.c: 37: TMR0L = 0xB0;
    95  000868  0EB0               	movlw	176
    96  00086A  6ED6               	movwf	4054,c	;volatile
    97                           
    98                           ;main.c: 38: LATB =~LATB;
    99  00086C  1E8A               	comf	3978,f,c	;volatile
   100                           
   101                           ;main.c: 39: TMR0ON = 1;
   102  00086E  8ED5               	bsf	4053,7,c	;volatile
   103  000870                     i1l32:
   104  000870  C011  FFF5         	movff	??_timerinterrupt+16,tablat
   105  000874  C010  FFF8         	movff	??_timerinterrupt+15,tblptru
   106  000878  C00F  FFF7         	movff	??_timerinterrupt+14,tblptrh
   107  00087C  C00E  FFF6         	movff	??_timerinterrupt+13,tblptrl
   108  000880  C00D  FFF4         	movff	??_timerinterrupt+12,prodh
   109  000884  C00C  FFF3         	movff	??_timerinterrupt+11,prodl
   110  000888  C00B  FFDA         	movff	??_timerinterrupt+10,fsr2h
   111  00088C  C00A  FFD9         	movff	??_timerinterrupt+9,fsr2l
   112  000890  C009  FFE2         	movff	??_timerinterrupt+8,fsr1h
   113  000894  C008  FFE1         	movff	??_timerinterrupt+7,fsr1l
   114  000898  C007  FFEA         	movff	??_timerinterrupt+6,fsr0h
   115  00089C  C006  FFE9         	movff	??_timerinterrupt+5,fsr0l
   116  0008A0  C005  FFFB         	movff	??_timerinterrupt+4,pclatu
   117  0008A4  C004  FFFA         	movff	??_timerinterrupt+3,pclath
   118  0008A8  C003  FFE0         	movff	??_timerinterrupt+2,bsr
   119  0008AC  C002  FFE8         	movff	??_timerinterrupt+1,wreg
   120  0008B0  C001  FFD8         	movff	??_timerinterrupt,status
   121  0008B4  0010               	retfie	
   122  0008B6                     __end_of_timerinterrupt:
   123                           	opt stack 0
   124  0000                     pclatu	equ	0xFFB
   125                           pclath	equ	0xFFA
   126                           tblptru	equ	0xFF8
   127                           tblptrh	equ	0xFF7
   128                           tblptrl	equ	0xFF6
   129                           tablat	equ	0xFF5
   130                           prodh	equ	0xFF4
   131                           prodl	equ	0xFF3
   132                           intcon	equ	0xFF2
   133                           fsr0h	equ	0xFEA
   134                           fsr0l	equ	0xFE9
   135                           wreg	equ	0xFE8
   136                           fsr1h	equ	0xFE2
   137                           fsr1l	equ	0xFE1
   138                           bsr	equ	0xFE0
   139                           fsr2h	equ	0xFDA
   140                           fsr2l	equ	0xFD9
   141                           status	equ	0xFD8
   142                           
   143                           ; #config settings
   144                           
   145                           	psect	cinit
   146  0008E4                     __pcinit:
   147                           	opt stack 0
   148  0008E4                     start_initialization:
   149                           	opt stack 0
   150  0008E4                     __initialization:
   151                           	opt stack 0
   152                           
   153                           ; Clear objects allocated to BITCOMRAM (1 bytes)
   154  0008E4  6A12               	clrf	(__pbitbssCOMRAM/(0+8))& (0+255),c
   155  0008E6                     end_of_initialization:
   156                           	opt stack 0
   157  0008E6                     __end_of__initialization:
   158                           	opt stack 0
   159  0008E6  0100               	movlb	0
   160  0008E8  EF5D  F004         	goto	_main	;jump to C main() function
   161                           pclatu	equ	0xFFB
   162                           pclath	equ	0xFFA
   163                           tblptru	equ	0xFF8
   164                           tblptrh	equ	0xFF7
   165                           tblptrl	equ	0xFF6
   166                           tablat	equ	0xFF5
   167                           prodh	equ	0xFF4
   168                           prodl	equ	0xFF3
   169                           intcon	equ	0xFF2
   170                           fsr0h	equ	0xFEA
   171                           fsr0l	equ	0xFE9
   172                           wreg	equ	0xFE8
   173                           fsr1h	equ	0xFE2
   174                           fsr1l	equ	0xFE1
   175                           bsr	equ	0xFE0
   176                           fsr2h	equ	0xFDA
   177                           fsr2l	equ	0xFD9
   178                           status	equ	0xFD8
   179                           
   180                           	psect	bitbssCOMRAM
   181  000090                     __pbitbssCOMRAM:
   182                           	opt stack 0
   183  000090                     _timer_set:
   184                           	opt stack 0
   185  000090                     	ds	1
   186                           pclatu	equ	0xFFB
   187                           pclath	equ	0xFFA
   188                           tblptru	equ	0xFF8
   189                           tblptrh	equ	0xFF7
   190                           tblptrl	equ	0xFF6
   191                           tablat	equ	0xFF5
   192                           prodh	equ	0xFF4
   193                           prodl	equ	0xFF3
   194                           intcon	equ	0xFF2
   195                           fsr0h	equ	0xFEA
   196                           fsr0l	equ	0xFE9
   197                           wreg	equ	0xFE8
   198                           fsr1h	equ	0xFE2
   199                           fsr1l	equ	0xFE1
   200                           bsr	equ	0xFE0
   201                           fsr2h	equ	0xFDA
   202                           fsr2l	equ	0xFD9
   203                           status	equ	0xFD8
   204                           
   205                           	psect	cstackCOMRAM
   206  000001                     __pcstackCOMRAM:
   207                           	opt stack 0
   208  000001                     ??_timerinterrupt:
   209  000001                     
   210                           ; 0 bytes @ 0x0
   211  000001                     	ds	17
   212  000012                     pclatu	equ	0xFFB
   213                           pclath	equ	0xFFA
   214                           tblptru	equ	0xFF8
   215                           tblptrh	equ	0xFF7
   216                           tblptrl	equ	0xFF6
   217                           tablat	equ	0xFF5
   218                           prodh	equ	0xFF4
   219                           prodl	equ	0xFF3
   220                           intcon	equ	0xFF2
   221                           fsr0h	equ	0xFEA
   222                           fsr0l	equ	0xFE9
   223                           wreg	equ	0xFE8
   224                           fsr1h	equ	0xFE2
   225                           fsr1l	equ	0xFE1
   226                           bsr	equ	0xFE0
   227                           fsr2h	equ	0xFDA
   228                           fsr2l	equ	0xFD9
   229                           status	equ	0xFD8
   230                           
   231                           ; 0 bytes @ 0x11
   232 ;;
   233 ;;Main: autosize = 0, tempsize = 0, incstack = 0, save=0
   234 ;;
   235 ;; *************** function _main *****************
   236 ;; Defined at:
   237 ;;		line 44 in file "main.c"
   238 ;; Parameters:    Size  Location     Type
   239 ;;		None
   240 ;; Auto vars:     Size  Location     Type
   241 ;;		None
   242 ;; Return value:  Size  Location     Type
   243 ;;		None               void
   244 ;; Registers used:
   245 ;;		wreg, status,2, cstack
   246 ;; Tracked objects:
   247 ;;		On entry : 0/0
   248 ;;		On exit  : 0/0
   249 ;;		Unchanged: 0/0
   250 ;; Data sizes:     COMRAM   BANK0   BANK1   BANK2   BANK3   BANK4   BANK5   BANK6   BANK7
   251 ;;      Params:         0       0       0       0       0       0       0       0       0
   252 ;;      Locals:         0       0       0       0       0       0       0       0       0
   253 ;;      Temps:          0       0       0       0       0       0       0       0       0
   254 ;;      Totals:         0       0       0       0       0       0       0       0       0
   255 ;;Total ram usage:        0 bytes
   256 ;; Hardware stack levels required when called:    2
   257 ;; This function calls:
   258 ;;		_Interrupt_Init
   259 ;;		_timerInit
   260 ;; This function is called by:
   261 ;;		Startup code after reset
   262 ;; This function uses a non-reentrant model
   263 ;;
   264                           
   265                           	psect	text0
   266  0008BA                     __ptext0:
   267                           	opt stack 0
   268  0008BA                     _main:
   269                           	opt stack 29
   270                           
   271                           ;main.c: 46: TRISB = 0x00;
   272                           
   273                           ;incstack = 0
   274  0008BA  0E00               	movlw	0
   275  0008BC  6E93               	movwf	3987,c	;volatile
   276                           
   277                           ;main.c: 47: LATB = 0xFF;
   278  0008BE  688A               	setf	3978,c	;volatile
   279                           
   280                           ;main.c: 49: Interrupt_Init();
   281  0008C0  EC6D  F004         	call	_Interrupt_Init	;wreg free
   282                           
   283                           ;main.c: 50: timerInit();
   284  0008C4  EC66  F004         	call	_timerInit	;wreg free
   285                           
   286                           ;main.c: 51: TMR0ON = 1;
   287  0008C8  8ED5               	bsf	4053,7,c	;volatile
   288  0008CA                     l35:
   289  0008CA  D7FF               	goto	l35
   290  0008CC                     __end_of_main:
   291                           	opt stack 0
   292                           pclatu	equ	0xFFB
   293                           pclath	equ	0xFFA
   294                           tblptru	equ	0xFF8
   295                           tblptrh	equ	0xFF7
   296                           tblptrl	equ	0xFF6
   297                           tablat	equ	0xFF5
   298                           prodh	equ	0xFF4
   299                           prodl	equ	0xFF3
   300                           intcon	equ	0xFF2
   301                           fsr0h	equ	0xFEA
   302                           fsr0l	equ	0xFE9
   303                           wreg	equ	0xFE8
   304                           fsr1h	equ	0xFE2
   305                           fsr1l	equ	0xFE1
   306                           bsr	equ	0xFE0
   307                           fsr2h	equ	0xFDA
   308                           fsr2l	equ	0xFD9
   309                           status	equ	0xFD8
   310                           
   311 ;; *************** function _timerInit *****************
   312 ;; Defined at:
   313 ;;		line 15 in file "main.c"
   314 ;; Parameters:    Size  Location     Type
   315 ;;		None
   316 ;; Auto vars:     Size  Location     Type
   317 ;;		None
   318 ;; Return value:  Size  Location     Type
   319 ;;		None               void
   320 ;; Registers used:
   321 ;;		wreg, status,2
   322 ;; Tracked objects:
   323 ;;		On entry : 0/0
   324 ;;		On exit  : 0/0
   325 ;;		Unchanged: 0/0
   326 ;; Data sizes:     COMRAM   BANK0   BANK1   BANK2   BANK3   BANK4   BANK5   BANK6   BANK7
   327 ;;      Params:         0       0       0       0       0       0       0       0       0
   328 ;;      Locals:         0       0       0       0       0       0       0       0       0
   329 ;;      Temps:          0       0       0       0       0       0       0       0       0
   330 ;;      Totals:         0       0       0       0       0       0       0       0       0
   331 ;;Total ram usage:        0 bytes
   332 ;; Hardware stack levels used:    1
   333 ;; Hardware stack levels required when called:    1
   334 ;; This function calls:
   335 ;;		Nothing
   336 ;; This function is called by:
   337 ;;		_main
   338 ;; This function uses a non-reentrant model
   339 ;;
   340                           
   341                           	psect	text1
   342  0008CC                     __ptext1:
   343                           	opt stack 0
   344  0008CC                     _timerInit:
   345                           	opt stack 29
   346                           
   347                           ;main.c: 18: T0CON = 0b00000111;
   348                           
   349                           ;incstack = 0
   350  0008CC  0E07               	movlw	7
   351  0008CE  6ED5               	movwf	4053,c	;volatile
   352                           
   353                           ;main.c: 19: TMR0H = 0xED;
   354  0008D0  0EED               	movlw	237
   355  0008D2  6ED7               	movwf	4055,c	;volatile
   356                           
   357                           ;main.c: 20: TMR0L = 0xB0;
   358  0008D4  0EB0               	movlw	176
   359  0008D6  6ED6               	movwf	4054,c	;volatile
   360  0008D8  0012               	return	
   361  0008DA                     __end_of_timerInit:
   362                           	opt stack 0
   363                           pclatu	equ	0xFFB
   364                           pclath	equ	0xFFA
   365                           tblptru	equ	0xFF8
   366                           tblptrh	equ	0xFF7
   367                           tblptrl	equ	0xFF6
   368                           tablat	equ	0xFF5
   369                           prodh	equ	0xFF4
   370                           prodl	equ	0xFF3
   371                           intcon	equ	0xFF2
   372                           fsr0h	equ	0xFEA
   373                           fsr0l	equ	0xFE9
   374                           wreg	equ	0xFE8
   375                           fsr1h	equ	0xFE2
   376                           fsr1l	equ	0xFE1
   377                           bsr	equ	0xFE0
   378                           fsr2h	equ	0xFDA
   379                           fsr2l	equ	0xFD9
   380                           status	equ	0xFD8
   381                           
   382 ;; *************** function _Interrupt_Init *****************
   383 ;; Defined at:
   384 ;;		line 23 in file "main.c"
   385 ;; Parameters:    Size  Location     Type
   386 ;;		None
   387 ;; Auto vars:     Size  Location     Type
   388 ;;		None
   389 ;; Return value:  Size  Location     Type
   390 ;;		None               void
   391 ;; Registers used:
   392 ;;		wreg, status,2
   393 ;; Tracked objects:
   394 ;;		On entry : 0/0
   395 ;;		On exit  : 0/0
   396 ;;		Unchanged: 0/0
   397 ;; Data sizes:     COMRAM   BANK0   BANK1   BANK2   BANK3   BANK4   BANK5   BANK6   BANK7
   398 ;;      Params:         0       0       0       0       0       0       0       0       0
   399 ;;      Locals:         0       0       0       0       0       0       0       0       0
   400 ;;      Temps:          0       0       0       0       0       0       0       0       0
   401 ;;      Totals:         0       0       0       0       0       0       0       0       0
   402 ;;Total ram usage:        0 bytes
   403 ;; Hardware stack levels used:    1
   404 ;; Hardware stack levels required when called:    1
   405 ;; This function calls:
   406 ;;		Nothing
   407 ;; This function is called by:
   408 ;;		_main
   409 ;; This function uses a non-reentrant model
   410 ;;
   411                           
   412                           	psect	text2
   413  0008DA                     __ptext2:
   414                           	opt stack 0
   415  0008DA                     _Interrupt_Init:
   416                           	opt stack 29
   417                           
   418                           ;main.c: 25: RCONbits.IPEN = 1;
   419                           
   420                           ;incstack = 0
   421  0008DA  8ED0               	bsf	4048,7,c	;volatile
   422                           
   423                           ;main.c: 26: INTCON = 0b11100000;
   424  0008DC  0EE0               	movlw	224
   425  0008DE  6EF2               	movwf	intcon,c	;volatile
   426                           
   427                           ;main.c: 27: INTCON2bits.TMR0IP = 0;
   428  0008E0  94F1               	bcf	intcon2,2,c	;volatile
   429  0008E2  0012               	return	
   430  0008E4                     __end_of_Interrupt_Init:
   431                           	opt stack 0
   432                           pclatu	equ	0xFFB
   433                           pclath	equ	0xFFA
   434                           tblptru	equ	0xFF8
   435                           tblptrh	equ	0xFF7
   436                           tblptrl	equ	0xFF6
   437                           tablat	equ	0xFF5
   438                           prodh	equ	0xFF4
   439                           prodl	equ	0xFF3
   440                           intcon	equ	0xFF2
   441                           intcon2	equ	0xFF1
   442                           fsr0h	equ	0xFEA
   443                           fsr0l	equ	0xFE9
   444                           wreg	equ	0xFE8
   445                           fsr1h	equ	0xFE2
   446                           fsr1l	equ	0xFE1
   447                           bsr	equ	0xFE0
   448                           fsr2h	equ	0xFDA
   449                           fsr2l	equ	0xFD9
   450                           status	equ	0xFD8
   451                           pclatu	equ	0xFFB
   452                           pclath	equ	0xFFA
   453                           tblptru	equ	0xFF8
   454                           tblptrh	equ	0xFF7
   455                           tblptrl	equ	0xFF6
   456                           tablat	equ	0xFF5
   457                           prodh	equ	0xFF4
   458                           prodl	equ	0xFF3
   459                           intcon	equ	0xFF2
   460                           intcon2	equ	0xFF1
   461                           fsr0h	equ	0xFEA
   462                           fsr0l	equ	0xFE9
   463                           wreg	equ	0xFE8
   464                           fsr1h	equ	0xFE2
   465                           fsr1l	equ	0xFE1
   466                           bsr	equ	0xFE0
   467                           fsr2h	equ	0xFDA
   468                           fsr2l	equ	0xFD9
   469                           status	equ	0xFD8
   470                           
   471                           	psect	rparam
   472  0000                     pclatu	equ	0xFFB
   473                           pclath	equ	0xFFA
   474                           tblptru	equ	0xFF8
   475                           tblptrh	equ	0xFF7
   476                           tblptrl	equ	0xFF6
   477                           tablat	equ	0xFF5
   478                           prodh	equ	0xFF4
   479                           prodl	equ	0xFF3
   480                           intcon	equ	0xFF2
   481                           intcon2	equ	0xFF1
   482                           fsr0h	equ	0xFEA
   483                           fsr0l	equ	0xFE9
   484                           wreg	equ	0xFE8
   485                           fsr1h	equ	0xFE2
   486                           fsr1l	equ	0xFE1
   487                           bsr	equ	0xFE0
   488                           fsr2h	equ	0xFDA
   489                           fsr2l	equ	0xFD9
   490                           status	equ	0xFD8


Data Sizes:
    Strings     0
    Constant    0
    Data        0
    BSS         0
    Persistent  0
    Stack       0

Auto Spaces:
    Space          Size  Autos    Used
    COMRAM           95     17      18
    BANK0           160      0       0
    BANK1           256      0       0
    BANK2           256      0       0
    BANK3           256      0       0
    BANK4           256      0       0
    BANK5           256      0       0
    BANK6           256      0       0
    BANK7           256      0       0

Pointer List with Targets:

    None.

Critical Paths under _main in COMRAM

    None.

Critical Paths under _timerinterrupt in COMRAM

    None.

Critical Paths under _main in BANK0

    None.

Critical Paths under _timerinterrupt in BANK0

    None.

Critical Paths under _main in BANK1

    None.

Critical Paths under _timerinterrupt in BANK1

    None.

Critical Paths under _main in BANK2

    None.

Critical Paths under _timerinterrupt in BANK2

    None.

Critical Paths under _main in BANK3

    None.

Critical Paths under _timerinterrupt in BANK3

    None.

Critical Paths under _main in BANK4

    None.

Critical Paths under _timerinterrupt in BANK4

    None.

Critical Paths under _main in BANK5

    None.

Critical Paths under _timerinterrupt in BANK5

    None.

Critical Paths under _main in BANK6

    None.

Critical Paths under _timerinterrupt in BANK6

    None.

Critical Paths under _main in BANK7

    None.

Critical Paths under _timerinterrupt in BANK7

    None.

Call Graph Tables:

 ---------------------------------------------------------------------------------
 (Depth) Function   	        Calls       Base Space   Used Autos Params    Refs
 ---------------------------------------------------------------------------------
 (0) _main                                                 0     0      0       0
                     _Interrupt_Init
                          _timerInit
 ---------------------------------------------------------------------------------
 (1) _timerInit                                            0     0      0       0
 ---------------------------------------------------------------------------------
 (1) _Interrupt_Init                                       0     0      0       0
 ---------------------------------------------------------------------------------
 Estimated maximum stack depth 1
 ---------------------------------------------------------------------------------
 (Depth) Function   	        Calls       Base Space   Used Autos Params    Refs
 ---------------------------------------------------------------------------------
 (2) _timerinterrupt                                      17    17      0       0
                                              0 COMRAM    17    17      0
 ---------------------------------------------------------------------------------
 Estimated maximum stack depth 2
 ---------------------------------------------------------------------------------

 Call Graph Graphs:

 _main (ROOT)
   _Interrupt_Init
   _timerInit

 _timerinterrupt (ROOT)

 Address spaces:
Name               Size   Autos  Total    Cost      Usage
BIGRAM             7FF      0       0      21        0.0%
EEDATA             100      0       0       0        0.0%
BITBANK7           100      0       0      18        0.0%
BANK7              100      0       0      19        0.0%
BITBANK6           100      0       0      16        0.0%
BANK6              100      0       0      17        0.0%
BITBANK5           100      0       0      14        0.0%
BANK5              100      0       0      15        0.0%
BITBANK4           100      0       0      12        0.0%
BANK4              100      0       0      13        0.0%
BITBANK3           100      0       0      10        0.0%
BANK3              100      0       0      11        0.0%
BITBANK2           100      0       0       8        0.0%
BANK2              100      0       0       9        0.0%
BITBANK1           100      0       0       6        0.0%
BANK1              100      0       0       7        0.0%
BITBANK0            A0      0       0       4        0.0%
BANK0               A0      0       0       5        0.0%
BITCOMRAM           5F      0       1       0        1.1%
COMRAM              5F     11      12       1       18.9%
BITSFR               0      0       0      40        0.0%
SFR                  0      0       0      40        0.0%
STACK                0      0       0       2        0.0%
NULL                 0      0       0       0        0.0%
ABS                  0      0      12      20        0.0%
DATA                 0      0      12       3        0.0%
CODE                 0      0       0       0        0.0%


Microchip Technology PIC18 Macro Assembler V1.30 build 55553 
Symbol Table                                                                                   Wed Jun 15 13:14:11 2016

       ??_Interrupt_Init 0012                       l35 08CA                       bsr 000FE0  
                    wreg 000FE8                     _LATB 000F8A                     i1l32 0870  
                   _main 08BA                     fsr0h 000FEA                     fsr1h 000FE2  
                   fsr0l 000FE9                     fsr2h 000FDA                     fsr1l 000FE1  
                   fsr2l 000FD9                     pclat 000FFA                     prodh 000FF4  
                   prodl 000FF3                     start 08B6                    ?_main 0001  
                  _T0CON 000FD5                    _TMR0H 000FD7                    _TMR0L 000FD6  
                  _TRISB 000F93           __pbitbssCOMRAM 0090                    tablat 000FF5  
                  status 000FD8          __initialization 08E4             __end_of_main 08CC  
                 ??_main 0012            __activetblptr 000000                   _INTCON 000FF2  
                 _TMR0IF 007F92                   _TMR0ON 007EAF         ??_timerinterrupt 0001  
                 tblptrh 000FF7                   tblptrl 000FF6                   tblptru 000FF8  
             __accesstop 0060  __end_of__initialization 08E6           __pcstackCOMRAM 0001  
     __size_of_timerInit 000E                  __Hparam 0000                  __Lparam 0000  
                __pcinit 08E4                  __ramtop 0800                  __ptext0 08BA  
                __ptext1 08CC                  __ptext2 08DA  __size_of_Interrupt_Init 000A  
   end_of_initialization 08E6        __end_of_timerInit 08DA      start_initialization 08E4  
         _Interrupt_Init 08DA  __size_of_timerinterrupt 009E              __pintcodelo 0818  
 __end_of_Interrupt_Init 08E4                 _RCONbits 000FD0                _timerInit 08CC  
              _timer_set 0090          ?_Interrupt_Init 0001              _INTCON2bits 000FF1  
               __Hrparam 0000                 __Lrparam 0000               ?_timerInit 0001  
         _timerinterrupt 0818            __size_of_main 0012   __end_of_timerinterrupt 08B6  
               intlevel1 0000              ??_timerInit 0012          ?_timerinterrupt 0001  
