

Microchip Technology PIC18 LITE Macro Assembler V1.30 build 55553 
                                                                                               Tue Feb 08 11:30:39 2022

Microchip Technology Omniscient Code Generator (Lite mode) build 55553
     1                           	processor	18F4550
     2                           	fnconf	rparam,??,?,0
     3                           	opt	pw 120
     4                           	opt	lm
     5                           	psect	text0,global,reloc=2,class=CODE,delta=1
     6                           	psect	cinit,global,reloc=2,class=CODE,delta=1
     7                           	psect	cstackCOMRAM,global,class=COMRAM,space=1,delta=1
     8                           	psect	text1,global,reloc=2,class=CODE,delta=1
     9                           	psect	intsave_regs,global,class=BIGRAM,space=1,delta=1
    10                           	psect	rparam,global,class=COMRAM,space=1,delta=1
    11  0000                     _LATB	set	3978
    12  0000                     _TRISB	set	3987
    13                           
    14 ;;
    15 ;;Main: autosize = 0, tempsize = 1, incstack = 0, save=0
    16 ;;
    17 ;; *************** function _main *****************
    18 ;; Defined at:
    19 ;;		line 10 in file "DAC.c"
    20 ;; Parameters:    Size  Location     Type
    21 ;;		None
    22 ;; Auto vars:     Size  Location     Type
    23 ;;  i               2    7[COMRAM] unsigned int 
    24 ;;  j               2    0        unsigned int 
    25 ;; Return value:  Size  Location     Type
    26 ;;		None               void
    27 ;; Registers used:
    28 ;;		wreg, status,2, status,0, cstack
    29 ;; Tracked objects:
    30 ;;		On entry : 0/0
    31 ;;		On exit  : 0/0
    32 ;;		Unchanged: 0/0
    33 ;; Data sizes:     COMRAM   BANK0   BANK1   BANK2   BANK3   BANK4   BANK5   BANK6   BANK7
    34 ;;      Params:         0       0       0       0       0       0       0       0       0
    35 ;;      Locals:         2       0       0       0       0       0       0       0       0
    36 ;;      Temps:          1       0       0       0       0       0       0       0       0
    37 ;;      Totals:         3       0       0       0       0       0       0       0       0
    38 ;;Total ram usage:        3 bytes
    39 ;; Hardware stack levels required when called:    1
    40 ;; This function calls:
    41 ;;		_delay
    42 ;; This function is called by:
    43 ;;		Startup code after reset
    44 ;; This function uses a non-reentrant model
    45 ;;
    46                           
    47                           	psect	text0
    48  007FA0                     __ptext0:
    49                           	opt stack 0
    50  007FA0                     _main:
    51                           	opt stack 30
    52                           
    53                           ;DAC.c: 12: unsigned int i,j;
    54                           ;DAC.c: 14: TRISB = 0x00;
    55                           
    56                           ;incstack = 0
    57  007FA0  0E00               	movlw	0
    58  007FA2  6E93               	movwf	3987,c	;volatile
    59                           
    60                           ;DAC.c: 15: LATB = 0xFF;
    61  007FA4  688A               	setf	3978,c	;volatile
    62  007FA6                     l15:
    63                           
    64                           ;DAC.c: 18: {
    65                           ;DAC.c: 19: for(i=0;i<255;i++)
    66  007FA6  0E00               	movlw	0
    67  007FA8  6E09               	movwf	main@i+1,c
    68  007FAA  0E00               	movlw	0
    69  007FAC  6E08               	movwf	main@i,c
    70  007FAE  0EFF               	movlw	255
    71  007FB0  5C08               	subwf	main@i,w,c
    72  007FB2  0E00               	movlw	0
    73  007FB4  5809               	subwfb	main@i+1,w,c
    74  007FB6  B0D8               	btfsc	status,0,c
    75  007FB8  D00B               	goto	l628
    76                           
    77                           ;DAC.c: 20: {
    78                           ;DAC.c: 21: LATB = i;
    79  007FBA  C008  FF8A         	movff	main@i,3978	;volatile
    80                           
    81                           ;DAC.c: 22: delay(5);
    82  007FBE  0E00               	movlw	0
    83  007FC0  6E02               	movwf	delay@time+1,c
    84  007FC2  0E05               	movlw	5
    85  007FC4  6E01               	movwf	delay@time,c
    86  007FC6  ECB5  F03F         	call	_delay	;wreg free
    87  007FCA  4A08               	infsnz	main@i,f,c
    88  007FCC  2A09               	incf	main@i+1,f,c
    89  007FCE  D7EF               	goto	L1
    90  007FD0                     l628:
    91                           
    92                           ;DAC.c: 23: }
    93                           ;DAC.c: 24: for(i=0;i<255;i++)
    94  007FD0  0E00               	movlw	0
    95  007FD2  6E09               	movwf	main@i+1,c
    96  007FD4  0E00               	movlw	0
    97  007FD6  6E08               	movwf	main@i,c
    98  007FD8  0EFF               	movlw	255
    99  007FDA  5C08               	subwf	main@i,w,c
   100  007FDC  0E00               	movlw	0
   101  007FDE  5809               	subwfb	main@i+1,w,c
   102  007FE0  B0D8               	btfsc	status,0,c
   103  007FE2  D7E1               	goto	l15
   104                           
   105                           ;DAC.c: 25: {
   106                           ;DAC.c: 26: LATB = (255-i);
   107  007FE4  5008               	movf	main@i,w,c
   108  007FE6  0800               	sublw	0
   109  007FE8  6E07               	movwf	??_main& (0+255),c
   110  007FEA  0407               	decf	??_main,w,c
   111  007FEC  6E8A               	movwf	3978,c	;volatile
   112                           
   113                           ;DAC.c: 27: delay(5);
   114  007FEE  0E00               	movlw	0
   115  007FF0  6E02               	movwf	delay@time+1,c
   116  007FF2  0E05               	movlw	5
   117  007FF4  6E01               	movwf	delay@time,c
   118  007FF6  ECB5  F03F         	call	_delay	;wreg free
   119  007FFA  4A08               	infsnz	main@i,f,c
   120  007FFC  2A09               	incf	main@i+1,f,c
   121  007FFE  D7EC               	goto	L2
   122  008000                     __end_of_main:
   123                           	opt stack 0
   124                           status	equ	0xFD8
   125                           
   126                           	psect	cinit
   127  007F64                     __pcinit:
   128                           	opt stack 0
   129  007F64                     start_initialization:
   130                           	opt stack 0
   131  007F64                     __initialization:
   132                           	opt stack 0
   133  007F64                     end_of_initialization:
   134                           	opt stack 0
   135  007F64                     __end_of__initialization:
   136                           	opt stack 0
   137  007F64  0100               	movlb	0
   138  007F66  EFD0  F03F         	goto	_main	;jump to C main() function
   139                           status	equ	0xFD8
   140                           
   141                           	psect	cstackCOMRAM
   142  000001                     __pcstackCOMRAM:
   143                           	opt stack 0
   144  000001                     delay@time:
   145                           	opt stack 0
   146                           
   147                           ; 2 bytes @ 0x0
   148  000001                     	ds	2
   149  000003                     delay@i:
   150                           	opt stack 0
   151                           
   152                           ; 2 bytes @ 0x2
   153  000003                     	ds	2
   154  000005                     delay@j:
   155                           	opt stack 0
   156                           
   157                           ; 2 bytes @ 0x4
   158  000005                     	ds	2
   159  000007                     ??_main:
   160                           
   161                           ; 0 bytes @ 0x6
   162  000007                     	ds	1
   163  000008                     main@i:
   164                           	opt stack 0
   165                           
   166                           ; 2 bytes @ 0x7
   167  000008                     	ds	2
   168                           status	equ	0xFD8
   169                           
   170 ;; *************** function _delay *****************
   171 ;; Defined at:
   172 ;;		line 3 in file "DAC.c"
   173 ;; Parameters:    Size  Location     Type
   174 ;;  time            2    0[COMRAM] unsigned int 
   175 ;; Auto vars:     Size  Location     Type
   176 ;;  j               2    4[COMRAM] unsigned int 
   177 ;;  i               2    2[COMRAM] unsigned int 
   178 ;; Return value:  Size  Location     Type
   179 ;;		None               void
   180 ;; Registers used:
   181 ;;		wreg, status,2, status,0
   182 ;; Tracked objects:
   183 ;;		On entry : 0/0
   184 ;;		On exit  : 0/0
   185 ;;		Unchanged: 0/0
   186 ;; Data sizes:     COMRAM   BANK0   BANK1   BANK2   BANK3   BANK4   BANK5   BANK6   BANK7
   187 ;;      Params:         2       0       0       0       0       0       0       0       0
   188 ;;      Locals:         4       0       0       0       0       0       0       0       0
   189 ;;      Temps:          0       0       0       0       0       0       0       0       0
   190 ;;      Totals:         6       0       0       0       0       0       0       0       0
   191 ;;Total ram usage:        6 bytes
   192 ;; Hardware stack levels used:    1
   193 ;; This function calls:
   194 ;;		Nothing
   195 ;; This function is called by:
   196 ;;		_main
   197 ;; This function uses a non-reentrant model
   198 ;;
   199                           
   200                           	psect	text1
   201  007F6A                     __ptext1:
   202                           	opt stack 0
   203  007F6A                     _delay:
   204                           	opt stack 30
   205                           
   206                           ;DAC.c: 5: unsigned int i,j;
   207                           ;DAC.c: 6: for(i=0;i<time;i++)
   208                           
   209                           ;incstack = 0
   210  007F6A  0E00               	movlw	0
   211  007F6C  6E04               	movwf	delay@i+1,c
   212  007F6E  0E00               	movlw	0
   213  007F70  6E03               	movwf	delay@i,c
   214  007F72  D00F               	goto	l612
   215  007F74                     l600:
   216                           
   217                           ;DAC.c: 7: for(j=0;j<100;j++);
   218  007F74  0E00               	movlw	0
   219  007F76  6E06               	movwf	delay@j+1,c
   220  007F78  0E00               	movlw	0
   221  007F7A  6E05               	movwf	delay@j,c
   222  007F7C  0E64               	movlw	100
   223  007F7E  5C05               	subwf	delay@j,w,c
   224  007F80  0E00               	movlw	0
   225  007F82  5806               	subwfb	delay@j+1,w,c
   226  007F84  B0D8               	btfsc	status,0,c
   227  007F86  D003               	goto	l610
   228  007F88  4A05               	infsnz	delay@j,f,c
   229  007F8A  2A06               	incf	delay@j+1,f,c
   230  007F8C  D7F7               	goto	L3
   231  007F8E                     l610:
   232  007F8E  4A03               	infsnz	delay@i,f,c
   233  007F90  2A04               	incf	delay@i+1,f,c
   234  007F92                     l612:
   235  007F92  5001               	movf	delay@time,w,c
   236  007F94  5C03               	subwf	delay@i,w,c
   237  007F96  5002               	movf	delay@time+1,w,c
   238  007F98  5804               	subwfb	delay@i+1,w,c
   239  007F9A  B0D8               	btfsc	status,0,c
   240  007F9C  0012               	return	
   241  007F9E  D7EA               	goto	l600
   242  007FA0                     __end_of_delay:
   243                           	opt stack 0
   244  0000                     status	equ	0xFD8
   245                           status	equ	0xFD8
   246                           
   247                           	psect	rparam
   248  0000                     status	equ	0xFD8


Data Sizes:
    Strings     0
    Constant    0
    Data        0
    BSS         0
    Persistent  0
    Stack       0

Auto Spaces:
    Space          Size  Autos    Used
    COMRAM           95      9       9
    BANK0           160      0       0
    BANK1           256      0       0
    BANK2           256      0       0
    BANK3           256      0       0
    BANK4           256      0       0
    BANK5           256      0       0
    BANK6           256      0       0
    BANK7           256      0       0

Pointer List with Targets:

    None.

Critical Paths under _main in COMRAM

    _main->_delay

Critical Paths under _main in BANK0

    None.

Critical Paths under _main in BANK1

    None.

Critical Paths under _main in BANK2

    None.

Critical Paths under _main in BANK3

    None.

Critical Paths under _main in BANK4

    None.

Critical Paths under _main in BANK5

    None.

Critical Paths under _main in BANK6

    None.

Critical Paths under _main in BANK7

    None.

Call Graph Tables:

 ---------------------------------------------------------------------------------
 (Depth) Function   	        Calls       Base Space   Used Autos Params    Refs
 ---------------------------------------------------------------------------------
 (0) _main                                                 5     5      0     218
                                              6 COMRAM     3     3      0
                              _delay
 ---------------------------------------------------------------------------------
 (1) _delay                                                6     4      2     128
                                              0 COMRAM     6     4      2
 ---------------------------------------------------------------------------------
 Estimated maximum stack depth 1
 ---------------------------------------------------------------------------------

 Call Graph Graphs:

 _main (ROOT)
   _delay

 Address spaces:
Name               Size   Autos  Total    Cost      Usage
BITCOMRAM           5F      0       0       0        0.0%
EEDATA             100      0       0       0        0.0%
NULL                 0      0       0       0        0.0%
CODE                 0      0       0       0        0.0%
COMRAM              5F      9       9       1        9.5%
STACK                0      0       0       2        0.0%
DATA                 0      0       0       3        0.0%
BITBANK0            A0      0       0       4        0.0%
BANK0               A0      0       0       5        0.0%
BITBANK1           100      0       0       6        0.0%
BANK1              100      0       0       7        0.0%
BITBANK2           100      0       0       8        0.0%
BANK2              100      0       0       9        0.0%
BITBANK3           100      0       0      10        0.0%
BANK3              100      0       0      11        0.0%
BITBANK4           100      0       0      12        0.0%
BANK4              100      0       0      13        0.0%
BITBANK5           100      0       0      14        0.0%
BANK5              100      0       0      15        0.0%
BITBANK6           100      0       0      16        0.0%
BANK6              100      0       0      17        0.0%
BITBANK7           100      0       0      18        0.0%
BANK7              100      0       0      19        0.0%
ABS                  0      0       0      20        0.0%
BIGRAM             7FF      0       0      21        0.0%
BITSFR               0      0       0      40        0.0%
SFR                  0      0       0      40        0.0%


Microchip Technology PIC18 Macro Assembler V1.30 build 55553 
Symbol Table                                                                                   Tue Feb 08 11:30:39 2022

                     l15 7FA6                      l600 7F74                      l610 7F8E  
                    l612 7F92                      l628 7FD0                     _LATB 000F8A  
                   _main 7FA0                     start 0800                    ?_main 0001  
                  _TRISB 000F93                    _delay 7F6A                    main@i 0008  
                  status 000FD8          __initialization 7F64             __end_of_main 8000  
                 ??_main 0007            __activetblptr 000000                   ?_delay 0001  
                 delay@i 0003                   delay@j 0005               __accesstop 0060  
__end_of__initialization 7F64           __pcstackCOMRAM 0001            __end_of_delay 7FA0  
                ??_delay 0003                  __Hparam 0000                  __Lparam 0000  
                __pcinit 7F64                  __ramtop 0800                  __ptext0 7FA0  
                __ptext1 7F6A     end_of_initialization 7F64      start_initialization 7F64  
         __size_of_delay 0036                delay@time 0001                 __Hrparam 0000  
               __Lrparam 0000            __size_of_main 0060  
