

Microchip Technology PIC18 LITE Macro Assembler V1.30 build 55553 
                                                                                               Wed Jun 08 16:06:54 2016

Microchip Technology Omniscient Code Generator (Lite mode) build 55553
     1                           	processor	18F4550
     2                           	fnconf	rparam,??,?,0
     3                           	opt	pw 120
     4                           	opt	lm
     5                           	psect	text0,global,reloc=2,class=CODE,delta=1
     6                           	psect	cinit,global,reloc=2,class=CODE,delta=1
     7                           	psect	cstackCOMRAM,global,class=COMRAM,space=1,delta=1
     8                           	psect	text1,global,reloc=2,class=CODE,delta=1
     9                           	psect	intsave_regs,global,class=BIGRAM,space=1,delta=1
    10                           	psect	rparam,global,class=COMRAM,space=1,delta=1
    11  0000                     _ADCON1	set	4033
    12  0000                     _LATAbits	set	3977
    13  0000                     _LATB	set	3978
    14  0000                     _PORTAbits	set	3968
    15  0000                     _TRISAbits	set	3986
    16  0000                     _TRISB	set	3987
    17                           
    18 ;;
    19 ;;Main: autosize = 0, tempsize = 2, incstack = 0, save=0
    20 ;;
    21 ;; *************** function _main *****************
    22 ;; Defined at:
    23 ;;		line 9 in file "exp1.c"
    24 ;; Parameters:    Size  Location     Type
    25 ;;		None
    26 ;; Auto vars:     Size  Location     Type
    27 ;;  i               1    5[COMRAM] unsigned char 
    28 ;;  key             1    4[COMRAM] unsigned char 
    29 ;; Return value:  Size  Location     Type
    30 ;;		None               void
    31 ;; Registers used:
    32 ;;		wreg, status,2, status,0, cstack
    33 ;; Tracked objects:
    34 ;;		On entry : 0/0
    35 ;;		On exit  : 0/0
    36 ;;		Unchanged: 0/0
    37 ;; Data sizes:     COMRAM   BANK0   BANK1   BANK2   BANK3   BANK4   BANK5   BANK6   BANK7
    38 ;;      Params:         0       0       0       0       0       0       0       0       0
    39 ;;      Locals:         2       0       0       0       0       0       0       0       0
    40 ;;      Temps:          2       0       0       0       0       0       0       0       0
    41 ;;      Totals:         4       0       0       0       0       0       0       0       0
    42 ;;Total ram usage:        4 bytes
    43 ;; Hardware stack levels required when called:    1
    44 ;; This function calls:
    45 ;;		_delay
    46 ;; This function is called by:
    47 ;;		Startup code after reset
    48 ;; This function uses a non-reentrant model
    49 ;;
    50                           
    51                           	psect	text0
    52  007F4A                     __ptext0:
    53                           	opt stack 0
    54  007F4A                     _main:
    55                           	opt stack 30
    56                           
    57                           ;exp1.c: 11: unsigned char i, key = 0;
    58                           
    59                           ;incstack = 0
    60  007F4A  6E03               	movwf	??_main& (0+255),c
    61  007F4C  0E00               	movlw	0
    62  007F4E  6E05               	movwf	main@key,c
    63  007F50  5003               	movf	??_main& (0+255),w,c
    64                           
    65                           ;exp1.c: 13: TRISB = 0x00;
    66  007F52  0E00               	movlw	0
    67  007F54  6E93               	movwf	3987,c	;volatile
    68                           
    69                           ;exp1.c: 14: LATB = 0x00;
    70  007F56  0E00               	movlw	0
    71  007F58  6E8A               	movwf	3978,c	;volatile
    72                           
    73                           ;exp1.c: 16: ADCON1 = 0x0F;
    74  007F5A  0E0F               	movlw	15
    75  007F5C  6EC1               	movwf	4033,c	;volatile
    76                           
    77                           ;exp1.c: 17: TRISAbits.TRISA2 = 1;
    78  007F5E  8492               	bsf	3986,2,c	;volatile
    79                           
    80                           ;exp1.c: 18: TRISAbits.TRISA3 = 1;
    81  007F60  8692               	bsf	3986,3,c	;volatile
    82                           
    83                           ;exp1.c: 20: TRISAbits.TRISA5 = 0;
    84  007F62  9A92               	bcf	3986,5,c	;volatile
    85                           
    86                           ;exp1.c: 21: TRISAbits.TRISA4 = 0;
    87  007F64  9892               	bcf	3986,4,c	;volatile
    88  007F66                     l641:
    89                           
    90                           ;exp1.c: 24: {
    91                           ;exp1.c: 28: if(PORTAbits.RA2 == 0) key =0;
    92  007F66  B480               	btfsc	3968,2,c	;volatile
    93  007F68  D004               	goto	l645
    94  007F6A  6E03               	movwf	??_main& (0+255),c
    95  007F6C  0E00               	movlw	0
    96  007F6E  6E05               	movwf	main@key,c
    97  007F70  5003               	movf	??_main& (0+255),w,c
    98  007F72                     l645:
    99                           
   100                           ;exp1.c: 29: if(PORTAbits.RA3 == 0) key =1;
   101  007F72  B680               	btfsc	3968,3,c	;volatile
   102  007F74  D004               	goto	l649
   103  007F76  6E03               	movwf	??_main& (0+255),c
   104  007F78  0E01               	movlw	1
   105  007F7A  6E05               	movwf	main@key,c
   106  007F7C  5003               	movf	??_main& (0+255),w,c
   107  007F7E                     l649:
   108                           
   109                           ;exp1.c: 31: if(key == 0)
   110  007F7E  6605               	tstfsz	main@key,c
   111  007F80  D01D               	goto	l671
   112                           
   113                           ;exp1.c: 32: {
   114                           ;exp1.c: 33: LATAbits.LATA4 = 1;
   115  007F82  8889               	bsf	3977,4,c	;volatile
   116                           
   117                           ;exp1.c: 34: LATAbits.LATA5 = 0;
   118  007F84  9A89               	bcf	3977,5,c	;volatile
   119                           
   120                           ;exp1.c: 35: for(i=0;i<8;i++)
   121  007F86  6E03               	movwf	??_main& (0+255),c
   122  007F88  0E00               	movlw	0
   123  007F8A  6E06               	movwf	main@i,c
   124  007F8C  5003               	movf	??_main& (0+255),w,c
   125  007F8E  D013               	goto	L2
   126  007F90                     l659:
   127                           
   128                           ;exp1.c: 36: {
   129                           ;exp1.c: 37: LATB = 1<<i;
   130  007F90  C006  F003         	movff	main@i,??_main
   131  007F94  0E01               	movlw	1
   132  007F96  6E04               	movwf	(??_main+1)& (0+255),c
   133  007F98  2A03               	incf	??_main,f,c
   134  007F9A  D002               	goto	u74
   135  007F9C                     u75:
   136  007F9C  90D8               	bcf	status,0,c
   137  007F9E  3604               	rlcf	??_main+1,f,c
   138  007FA0                     u74:
   139  007FA0  2E03               	decfsz	??_main,f,c
   140  007FA2  D7FC               	goto	u75
   141  007FA4  5004               	movf	??_main+1,w,c
   142  007FA6  6E8A               	movwf	3978,c	;volatile
   143                           
   144                           ;exp1.c: 38: delay();
   145  007FA8  EC97  F03F         	call	_delay	;wreg free
   146                           
   147                           ;exp1.c: 39: LATB = 0x00;
   148  007FAC  0E00               	movlw	0
   149  007FAE  6E8A               	movwf	3978,c	;volatile
   150                           
   151                           ;exp1.c: 40: delay();
   152  007FB0  EC97  F03F         	call	_delay	;wreg free
   153  007FB4  2A06               	incf	main@i,f,c
   154  007FB6                     L2:
   155  007FB6  0E07               	movlw	7
   156  007FB8  6406               	cpfsgt	main@i,c
   157  007FBA  D7EA               	goto	l659
   158  007FBC                     l671:
   159                           
   160                           ;exp1.c: 41: }
   161                           ;exp1.c: 42: }
   162                           ;exp1.c: 43: if(key == 1)
   163  007FBC  0405               	decf	main@key,w,c
   164  007FBE  A4D8               	btfss	status,2,c
   165  007FC0  D7D2               	goto	l641
   166                           
   167                           ;exp1.c: 44: {
   168                           ;exp1.c: 45: LATAbits.LATA4 = 0;
   169  007FC2  9889               	bcf	3977,4,c	;volatile
   170                           
   171                           ;exp1.c: 46: LATAbits.LATA5 = 1;
   172  007FC4  8A89               	bsf	3977,5,c	;volatile
   173                           
   174                           ;exp1.c: 47: for(i=7;i> 0;i--)
   175  007FC6  6E03               	movwf	??_main& (0+255),c
   176  007FC8  0E07               	movlw	7
   177  007FCA  6E06               	movwf	main@i,c
   178  007FCC  5003               	movf	??_main& (0+255),w,c
   179  007FCE  6606               	tstfsz	main@i,c
   180  007FD0  D001               	goto	l681
   181  007FD2  D7C9               	goto	l641
   182  007FD4                     l681:
   183                           
   184                           ;exp1.c: 48: {
   185                           ;exp1.c: 49: LATB = 1<<i;
   186  007FD4  C006  F003         	movff	main@i,??_main
   187  007FD8  0E01               	movlw	1
   188  007FDA  6E04               	movwf	(??_main+1)& (0+255),c
   189  007FDC  2A03               	incf	??_main,f,c
   190  007FDE  D002               	goto	u114
   191  007FE0                     u115:
   192  007FE0  90D8               	bcf	status,0,c
   193  007FE2  3604               	rlcf	??_main+1,f,c
   194  007FE4                     u114:
   195  007FE4  2E03               	decfsz	??_main,f,c
   196  007FE6  D7FC               	goto	u115
   197  007FE8  5004               	movf	??_main+1,w,c
   198  007FEA  6E8A               	movwf	3978,c	;volatile
   199                           
   200                           ;exp1.c: 50: delay();
   201  007FEC  EC97  F03F         	call	_delay	;wreg free
   202                           
   203                           ;exp1.c: 51: LATB = 0x00;
   204  007FF0  0E00               	movlw	0
   205  007FF2  6E8A               	movwf	3978,c	;volatile
   206                           
   207                           ;exp1.c: 52: delay();
   208  007FF4  EC97  F03F         	call	_delay	;wreg free
   209  007FF8  0606               	decf	main@i,f,c
   210  007FFA  6606               	tstfsz	main@i,c
   211  007FFC  D7EB               	goto	l681
   212  007FFE  D7B3               	goto	l641
   213  008000                     __end_of_main:
   214                           	opt stack 0
   215                           status	equ	0xFD8
   216                           
   217                           	psect	cinit
   218  007F28                     __pcinit:
   219                           	opt stack 0
   220  007F28                     start_initialization:
   221                           	opt stack 0
   222  007F28                     __initialization:
   223                           	opt stack 0
   224  007F28                     end_of_initialization:
   225                           	opt stack 0
   226  007F28                     __end_of__initialization:
   227                           	opt stack 0
   228  007F28  0100               	movlb	0
   229  007F2A  EFA5  F03F         	goto	_main	;jump to C main() function
   230                           status	equ	0xFD8
   231                           
   232                           	psect	cstackCOMRAM
   233  000001                     __pcstackCOMRAM:
   234                           	opt stack 0
   235  000001                     delay@i:
   236                           	opt stack 0
   237                           
   238                           ; 2 bytes @ 0x0
   239  000001                     	ds	2
   240  000003                     ??_main:
   241                           
   242                           ; 0 bytes @ 0x2
   243  000003                     	ds	2
   244  000005                     main@key:
   245                           	opt stack 0
   246                           
   247                           ; 1 bytes @ 0x4
   248  000005                     	ds	1
   249  000006                     main@i:
   250                           	opt stack 0
   251                           
   252                           ; 1 bytes @ 0x5
   253  000006                     	ds	1
   254                           status	equ	0xFD8
   255                           
   256 ;; *************** function _delay *****************
   257 ;; Defined at:
   258 ;;		line 3 in file "exp1.c"
   259 ;; Parameters:    Size  Location     Type
   260 ;;		None
   261 ;; Auto vars:     Size  Location     Type
   262 ;;  i               2    0[COMRAM] unsigned int 
   263 ;; Return value:  Size  Location     Type
   264 ;;		None               void
   265 ;; Registers used:
   266 ;;		wreg, status,2, status,0
   267 ;; Tracked objects:
   268 ;;		On entry : 0/0
   269 ;;		On exit  : 0/0
   270 ;;		Unchanged: 0/0
   271 ;; Data sizes:     COMRAM   BANK0   BANK1   BANK2   BANK3   BANK4   BANK5   BANK6   BANK7
   272 ;;      Params:         0       0       0       0       0       0       0       0       0
   273 ;;      Locals:         2       0       0       0       0       0       0       0       0
   274 ;;      Temps:          0       0       0       0       0       0       0       0       0
   275 ;;      Totals:         2       0       0       0       0       0       0       0       0
   276 ;;Total ram usage:        2 bytes
   277 ;; Hardware stack levels used:    1
   278 ;; This function calls:
   279 ;;		Nothing
   280 ;; This function is called by:
   281 ;;		_main
   282 ;; This function uses a non-reentrant model
   283 ;;
   284                           
   285                           	psect	text1
   286  007F2E                     __ptext1:
   287                           	opt stack 0
   288  007F2E                     _delay:
   289                           	opt stack 30
   290                           
   291                           ;exp1.c: 5: unsigned int i;
   292                           ;exp1.c: 6: for(i=0;i<30000;i++);
   293                           
   294                           ;incstack = 0
   295  007F2E  0E00               	movlw	0
   296  007F30  6E02               	movwf	delay@i+1,c
   297  007F32  0E00               	movlw	0
   298  007F34  6E01               	movwf	delay@i,c
   299  007F36  0E30               	movlw	48
   300  007F38  5C01               	subwf	delay@i,w,c
   301  007F3A  0E75               	movlw	117
   302  007F3C  5802               	subwfb	delay@i+1,w,c
   303  007F3E  B0D8               	btfsc	status,0,c
   304  007F40  D003               	goto	l17
   305  007F42  4A01               	infsnz	delay@i,f,c
   306  007F44  2A02               	incf	delay@i+1,f,c
   307  007F46  D7F7               	goto	L3
   308  007F48                     l17:
   309  007F48  0012               	return	
   310  007F4A                     __end_of_delay:
   311                           	opt stack 0
   312  0000                     status	equ	0xFD8
   313                           status	equ	0xFD8
   314                           
   315                           	psect	rparam
   316  0000                     status	equ	0xFD8


Data Sizes:
    Strings     0
    Constant    0
    Data        0
    BSS         0
    Persistent  0
    Stack       0

Auto Spaces:
    Space          Size  Autos    Used
    COMRAM           95      6       6
    BANK0           160      0       0
    BANK1           256      0       0
    BANK2           256      0       0
    BANK3           256      0       0
    BANK4           256      0       0
    BANK5           256      0       0
    BANK6           256      0       0
    BANK7           256      0       0

Pointer List with Targets:

    None.

Critical Paths under _main in COMRAM

    _main->_delay

Critical Paths under _main in BANK0

    None.

Critical Paths under _main in BANK1

    None.

Critical Paths under _main in BANK2

    None.

Critical Paths under _main in BANK3

    None.

Critical Paths under _main in BANK4

    None.

Critical Paths under _main in BANK5

    None.

Critical Paths under _main in BANK6

    None.

Critical Paths under _main in BANK7

    None.

Call Graph Tables:

 ---------------------------------------------------------------------------------
 (Depth) Function   	        Calls       Base Space   Used Autos Params    Refs
 ---------------------------------------------------------------------------------
 (0) _main                                                 4     4      0     150
                                              2 COMRAM     4     4      0
                              _delay
 ---------------------------------------------------------------------------------
 (1) _delay                                                2     2      0      30
                                              0 COMRAM     2     2      0
 ---------------------------------------------------------------------------------
 Estimated maximum stack depth 1
 ---------------------------------------------------------------------------------

 Call Graph Graphs:

 _main (ROOT)
   _delay

 Address spaces:
Name               Size   Autos  Total    Cost      Usage
BITCOMRAM           5F      0       0       0        0.0%
EEDATA             100      0       0       0        0.0%
NULL                 0      0       0       0        0.0%
CODE                 0      0       0       0        0.0%
COMRAM              5F      6       6       1        6.3%
STACK                0      0       0       2        0.0%
DATA                 0      0       0       3        0.0%
BITBANK0            A0      0       0       4        0.0%
BANK0               A0      0       0       5        0.0%
BITBANK1           100      0       0       6        0.0%
BANK1              100      0       0       7        0.0%
BITBANK2           100      0       0       8        0.0%
BANK2              100      0       0       9        0.0%
BITBANK3           100      0       0      10        0.0%
BANK3              100      0       0      11        0.0%
BITBANK4           100      0       0      12        0.0%
BANK4              100      0       0      13        0.0%
BITBANK5           100      0       0      14        0.0%
BANK5              100      0       0      15        0.0%
BITBANK6           100      0       0      16        0.0%
BANK6              100      0       0      17        0.0%
BITBANK7           100      0       0      18        0.0%
BANK7              100      0       0      19        0.0%
ABS                  0      0       0      20        0.0%
BIGRAM             7FF      0       0      21        0.0%
BITSFR               0      0       0      40        0.0%
SFR                  0      0       0      40        0.0%


Microchip Technology PIC18 Macro Assembler V1.30 build 55553 
Symbol Table                                                                                   Wed Jun 08 16:06:54 2016

                     l17 7F48                       u74 7FA0                       u75 7F9C  
                    l641 7F66                      l645 7F72                      l671 7FBC  
                    l681 7FD4                      l649 7F7E                      l659 7F90  
                    u114 7FE4                      u115 7FE0                     _LATB 000F8A  
                   _main 7F4A                     start 0800                    ?_main 0001  
                  _TRISB 000F93                    _delay 7F2E                    main@i 0006  
                  status 000FD8          __initialization 7F28             __end_of_main 8000  
                 ??_main 0003            __activetblptr 000000                   ?_delay 0001  
                 _ADCON1 000FC1                   delay@i 0001               __accesstop 0060  
__end_of__initialization 7F28           __pcstackCOMRAM 0001            __end_of_delay 7F4A  
                ??_delay 0001                  __Hparam 0000                  __Lparam 0000  
                __pcinit 7F28                  __ramtop 0800                  __ptext0 7F4A  
                __ptext1 7F2E                  main@key 0005     end_of_initialization 7F28  
              _PORTAbits 000F80                _TRISAbits 000F92      start_initialization 7F28  
         __size_of_delay 001C                 _LATAbits 000F89                 __Hrparam 0000  
               __Lrparam 0000            __size_of_main 00B6  
