

Microchip Technology PIC18 LITE Macro Assembler V1.30 build 55553 
                                                                                               Thu Feb 04 11:42:38 2021

Microchip Technology Omniscient Code Generator (Lite mode) build 55553
     1                           	processor	18F4550
     2                           	fnconf	rparam,??,?,0
     3                           	opt	pw 120
     4                           	opt	lm
     5                           	psect	text0,global,reloc=2,class=CODE,delta=1
     6                           	psect	cinit,global,reloc=2,class=CODE,delta=1
     7                           	psect	bitbssCOMRAM,global,bit,class=COMRAM,space=1,delta=1
     8                           	psect	bssCOMRAM,global,class=COMRAM,space=1,delta=1
     9                           	psect	cstackCOMRAM,global,class=COMRAM,space=1,delta=1
    10                           	psect	text1,global,reloc=2,class=CODE,delta=1
    11                           	psect	text2,global,reloc=2,class=CODE,delta=1
    12                           	psect	intsave_regs,global,class=BIGRAM,space=1,delta=1
    13                           	psect	rparam,global,class=COMRAM,space=1,delta=1
    14  0000                     _CCP1CON	set	4029
    15  0000                     _CCPR1L	set	4030
    16  0000                     _LATCbits	set	3979
    17  0000                     _PR2	set	4043
    18  0000                     _T2CON	set	4042
    19  0000                     _TRISCbits	set	3988
    20  0000                     _TMR2ON	set	32338
    21                           
    22 ;;
    23 ;;Main: autosize = 0, tempsize = 0, incstack = 0, save=0
    24 ;;
    25 ;; *************** function _main *****************
    26 ;; Defined at:
    27 ;;		line 72 in file "DCMotorCCP.c"
    28 ;; Parameters:    Size  Location     Type
    29 ;;		None
    30 ;; Auto vars:     Size  Location     Type
    31 ;;  i               2    6[COMRAM] unsigned int 
    32 ;; Return value:  Size  Location     Type
    33 ;;		None               void
    34 ;; Registers used:
    35 ;;		wreg, status,2, status,0, cstack
    36 ;; Tracked objects:
    37 ;;		On entry : 0/0
    38 ;;		On exit  : 0/0
    39 ;;		Unchanged: 0/0
    40 ;; Data sizes:     COMRAM   BANK0   BANK1   BANK2   BANK3   BANK4   BANK5   BANK6   BANK7
    41 ;;      Params:         0       0       0       0       0       0       0       0       0
    42 ;;      Locals:         2       0       0       0       0       0       0       0       0
    43 ;;      Temps:          0       0       0       0       0       0       0       0       0
    44 ;;      Totals:         2       0       0       0       0       0       0       0       0
    45 ;;Total ram usage:        2 bytes
    46 ;; Hardware stack levels required when called:    1
    47 ;; This function calls:
    48 ;;		_delay
    49 ;;		_timer2Init
    50 ;; This function is called by:
    51 ;;		Startup code after reset
    52 ;; This function uses a non-reentrant model
    53 ;;
    54                           
    55                           	psect	text0
    56  007F96                     __ptext0:
    57                           	opt stack 0
    58  007F96                     _main:
    59                           	opt stack 30
    60                           
    61                           ;DCMotorCCP.c: 74: unsigned int i;
    62                           ;DCMotorCCP.c: 75: TRISCbits.TRISC1 = 0;
    63                           
    64                           ;incstack = 0
    65  007F96  9294               	bcf	3988,1,c	;volatile
    66                           
    67                           ;DCMotorCCP.c: 76: TRISCbits.TRISC2 = 0;
    68  007F98  9494               	bcf	3988,2,c	;volatile
    69                           
    70                           ;DCMotorCCP.c: 77: LATCbits.LATC1 = 0;
    71  007F9A  928B               	bcf	3979,1,c	;volatile
    72                           
    73                           ;DCMotorCCP.c: 78: CCP1CON = 0b00111100;
    74  007F9C  0E3C               	movlw	60
    75  007F9E  6EBD               	movwf	4029,c	;volatile
    76                           
    77                           ;DCMotorCCP.c: 79: CCPR1L = 0x0F;
    78  007FA0  0E0F               	movlw	15
    79  007FA2  6EBE               	movwf	4030,c	;volatile
    80                           
    81                           ;DCMotorCCP.c: 80: timer2Init();
    82  007FA4  ECA6  F03F         	call	_timer2Init	;wreg free
    83                           
    84                           ;DCMotorCCP.c: 84: TMR2ON = 1;
    85  007FA8  84CA               	bsf	4042,2,c	;volatile
    86  007FAA                     l643:
    87                           
    88                           ;DCMotorCCP.c: 87: {
    89                           ;DCMotorCCP.c: 88: for(i=15;i<150;i++)
    90  007FAA  0E00               	movlw	0
    91  007FAC  6E08               	movwf	main@i+1,c
    92  007FAE  0E0F               	movlw	15
    93  007FB0  6E07               	movwf	main@i,c
    94  007FB2  0E96               	movlw	150
    95  007FB4  5C07               	subwf	main@i,w,c
    96  007FB6  0E00               	movlw	0
    97  007FB8  5808               	subwfb	main@i+1,w,c
    98  007FBA  B0D8               	btfsc	status,0,c
    99  007FBC  D00B               	goto	l655
   100                           
   101                           ;DCMotorCCP.c: 89: {
   102                           ;DCMotorCCP.c: 90: CCPR1L = i;
   103  007FBE  C007  FFBE         	movff	main@i,4030	;volatile
   104                           
   105                           ;DCMotorCCP.c: 91: delay(100);
   106  007FC2  0E00               	movlw	0
   107  007FC4  6E02               	movwf	delay@time+1,c
   108  007FC6  0E64               	movlw	100
   109  007FC8  6E01               	movwf	delay@time,c
   110  007FCA  ECB0  F03F         	call	_delay	;wreg free
   111  007FCE  4A07               	infsnz	main@i,f,c
   112  007FD0  2A08               	incf	main@i+1,f,c
   113  007FD2  D7EF               	goto	L1
   114  007FD4                     l655:
   115                           
   116                           ;DCMotorCCP.c: 92: }
   117                           ;DCMotorCCP.c: 93: for(i=150;i>15;i--)
   118  007FD4  0E00               	movlw	0
   119  007FD6  6E08               	movwf	main@i+1,c
   120  007FD8  0E96               	movlw	150
   121  007FDA  6E07               	movwf	main@i,c
   122  007FDC  0E10               	movlw	16
   123  007FDE  5C07               	subwf	main@i,w,c
   124  007FE0  0E00               	movlw	0
   125  007FE2  5808               	subwfb	main@i+1,w,c
   126  007FE4  A0D8               	btfss	status,0,c
   127  007FE6  D7E1               	goto	l643
   128                           
   129                           ;DCMotorCCP.c: 94: {
   130                           ;DCMotorCCP.c: 95: CCPR1L = i;
   131  007FE8  C007  FFBE         	movff	main@i,4030	;volatile
   132                           
   133                           ;DCMotorCCP.c: 96: delay(100);
   134  007FEC  0E00               	movlw	0
   135  007FEE  6E02               	movwf	delay@time+1,c
   136  007FF0  0E64               	movlw	100
   137  007FF2  6E01               	movwf	delay@time,c
   138  007FF4  ECB0  F03F         	call	_delay	;wreg free
   139  007FF8  0607               	decf	main@i,f,c
   140  007FFA  A0D8               	btfss	status,0,c
   141  007FFC  0608               	decf	main@i+1,f,c
   142  007FFE  D7EE               	goto	L2
   143  008000                     __end_of_main:
   144                           	opt stack 0
   145                           status	equ	0xFD8
   146                           
   147                           	psect	cinit
   148  007F56                     __pcinit:
   149                           	opt stack 0
   150  007F56                     start_initialization:
   151                           	opt stack 0
   152  007F56                     __initialization:
   153                           	opt stack 0
   154                           
   155                           ; Clear objects allocated to BITCOMRAM (1 bytes)
   156  007F56  6A09               	clrf	(__pbitbssCOMRAM/(0+8))& (0+255),c
   157                           
   158                           ; Clear objects allocated to COMRAM (1 bytes)
   159  007F58  6A0A               	clrf	__pbssCOMRAM& (0+255),c
   160  007F5A                     end_of_initialization:
   161                           	opt stack 0
   162  007F5A                     __end_of__initialization:
   163                           	opt stack 0
   164  007F5A  0100               	movlb	0
   165  007F5C  EFCB  F03F         	goto	_main	;jump to C main() function
   166                           status	equ	0xFD8
   167                           
   168                           	psect	bitbssCOMRAM
   169  000048                     __pbitbssCOMRAM:
   170                           	opt stack 0
   171  000048                     _SPEED_UP:
   172                           	opt stack 0
   173  000048                     	ds	1
   174  000049                     _TIMER:
   175                           	opt stack 0
   176  000049                     	ds	1
   177                           status	equ	0xFD8
   178                           
   179                           	psect	bssCOMRAM
   180  00000A                     __pbssCOMRAM:
   181                           	opt stack 0
   182  00000A                     _count:
   183                           	opt stack 0
   184  00000A                     	ds	1
   185                           status	equ	0xFD8
   186                           
   187                           	psect	cstackCOMRAM
   188  000001                     __pcstackCOMRAM:
   189                           	opt stack 0
   190  000001                     delay@time:
   191                           	opt stack 0
   192                           
   193                           ; 2 bytes @ 0x0
   194  000001                     	ds	2
   195  000003                     delay@i:
   196                           	opt stack 0
   197                           
   198                           ; 2 bytes @ 0x2
   199  000003                     	ds	2
   200  000005                     delay@j:
   201                           	opt stack 0
   202                           
   203                           ; 2 bytes @ 0x4
   204  000005                     	ds	2
   205  000007                     main@i:
   206                           	opt stack 0
   207                           
   208                           ; 2 bytes @ 0x6
   209  000007                     	ds	2
   210                           status	equ	0xFD8
   211                           
   212 ;; *************** function _timer2Init *****************
   213 ;; Defined at:
   214 ;;		line 22 in file "DCMotorCCP.c"
   215 ;; Parameters:    Size  Location     Type
   216 ;;		None
   217 ;; Auto vars:     Size  Location     Type
   218 ;;		None
   219 ;; Return value:  Size  Location     Type
   220 ;;		None               void
   221 ;; Registers used:
   222 ;;		wreg, status,2
   223 ;; Tracked objects:
   224 ;;		On entry : 0/0
   225 ;;		On exit  : 0/0
   226 ;;		Unchanged: 0/0
   227 ;; Data sizes:     COMRAM   BANK0   BANK1   BANK2   BANK3   BANK4   BANK5   BANK6   BANK7
   228 ;;      Params:         0       0       0       0       0       0       0       0       0
   229 ;;      Locals:         0       0       0       0       0       0       0       0       0
   230 ;;      Temps:          0       0       0       0       0       0       0       0       0
   231 ;;      Totals:         0       0       0       0       0       0       0       0       0
   232 ;;Total ram usage:        0 bytes
   233 ;; Hardware stack levels used:    1
   234 ;; This function calls:
   235 ;;		Nothing
   236 ;; This function is called by:
   237 ;;		_main
   238 ;; This function uses a non-reentrant model
   239 ;;
   240                           
   241                           	psect	text1
   242  007F4C                     __ptext1:
   243                           	opt stack 0
   244  007F4C                     _timer2Init:
   245                           	opt stack 30
   246                           
   247                           ;DCMotorCCP.c: 24: T2CON = 0b00000010;
   248                           
   249                           ;incstack = 0
   250  007F4C  0E02               	movlw	2
   251  007F4E  6ECA               	movwf	4042,c	;volatile
   252                           
   253                           ;DCMotorCCP.c: 25: PR2 = 0x95;
   254  007F50  0E95               	movlw	149
   255  007F52  6ECB               	movwf	4043,c	;volatile
   256  007F54  0012               	return	
   257  007F56                     __end_of_timer2Init:
   258                           	opt stack 0
   259                           status	equ	0xFD8
   260                           
   261 ;; *************** function _delay *****************
   262 ;; Defined at:
   263 ;;		line 64 in file "DCMotorCCP.c"
   264 ;; Parameters:    Size  Location     Type
   265 ;;  time            2    0[COMRAM] unsigned int 
   266 ;; Auto vars:     Size  Location     Type
   267 ;;  j               2    4[COMRAM] unsigned int 
   268 ;;  i               2    2[COMRAM] unsigned int 
   269 ;; Return value:  Size  Location     Type
   270 ;;		None               void
   271 ;; Registers used:
   272 ;;		wreg, status,2, status,0
   273 ;; Tracked objects:
   274 ;;		On entry : 0/0
   275 ;;		On exit  : 0/0
   276 ;;		Unchanged: 0/0
   277 ;; Data sizes:     COMRAM   BANK0   BANK1   BANK2   BANK3   BANK4   BANK5   BANK6   BANK7
   278 ;;      Params:         2       0       0       0       0       0       0       0       0
   279 ;;      Locals:         4       0       0       0       0       0       0       0       0
   280 ;;      Temps:          0       0       0       0       0       0       0       0       0
   281 ;;      Totals:         6       0       0       0       0       0       0       0       0
   282 ;;Total ram usage:        6 bytes
   283 ;; Hardware stack levels used:    1
   284 ;; This function calls:
   285 ;;		Nothing
   286 ;; This function is called by:
   287 ;;		_main
   288 ;; This function uses a non-reentrant model
   289 ;;
   290                           
   291                           	psect	text2
   292  007F60                     __ptext2:
   293                           	opt stack 0
   294  007F60                     _delay:
   295                           	opt stack 30
   296                           
   297                           ;DCMotorCCP.c: 66: unsigned int i,j;
   298                           ;DCMotorCCP.c: 67: for(i=0;i<time;i++)
   299                           
   300                           ;incstack = 0
   301  007F60  0E00               	movlw	0
   302  007F62  6E04               	movwf	delay@i+1,c
   303  007F64  0E00               	movlw	0
   304  007F66  6E03               	movwf	delay@i,c
   305  007F68  D00F               	goto	l633
   306  007F6A                     l621:
   307                           
   308                           ;DCMotorCCP.c: 68: for(j=0;j<1000;j++);
   309  007F6A  0E00               	movlw	0
   310  007F6C  6E06               	movwf	delay@j+1,c
   311  007F6E  0E00               	movlw	0
   312  007F70  6E05               	movwf	delay@j,c
   313  007F72  0EE8               	movlw	232
   314  007F74  5C05               	subwf	delay@j,w,c
   315  007F76  0E03               	movlw	3
   316  007F78  5806               	subwfb	delay@j+1,w,c
   317  007F7A  B0D8               	btfsc	status,0,c
   318  007F7C  D003               	goto	l631
   319  007F7E  4A05               	infsnz	delay@j,f,c
   320  007F80  2A06               	incf	delay@j+1,f,c
   321  007F82  D7F7               	goto	L3
   322  007F84                     l631:
   323  007F84  4A03               	infsnz	delay@i,f,c
   324  007F86  2A04               	incf	delay@i+1,f,c
   325  007F88                     l633:
   326  007F88  5001               	movf	delay@time,w,c
   327  007F8A  5C03               	subwf	delay@i,w,c
   328  007F8C  5002               	movf	delay@time+1,w,c
   329  007F8E  5804               	subwfb	delay@i+1,w,c
   330  007F90  B0D8               	btfsc	status,0,c
   331  007F92  0012               	return	
   332  007F94  D7EA               	goto	l621
   333  007F96                     __end_of_delay:
   334                           	opt stack 0
   335  0000                     status	equ	0xFD8
   336                           status	equ	0xFD8
   337                           
   338                           	psect	rparam
   339  0000                     status	equ	0xFD8


Data Sizes:
    Strings     0
    Constant    0
    Data        0
    BSS         1
    Persistent  0
    Stack       0

Auto Spaces:
    Space          Size  Autos    Used
    COMRAM           95      8      10
    BANK0           160      0       0
    BANK1           256      0       0
    BANK2           256      0       0
    BANK3           256      0       0
    BANK4           256      0       0
    BANK5           256      0       0
    BANK6           256      0       0
    BANK7           256      0       0

Pointer List with Targets:

    None.

Critical Paths under _main in COMRAM

    _main->_delay

Critical Paths under _main in BANK0

    None.

Critical Paths under _main in BANK1

    None.

Critical Paths under _main in BANK2

    None.

Critical Paths under _main in BANK3

    None.

Critical Paths under _main in BANK4

    None.

Critical Paths under _main in BANK5

    None.

Critical Paths under _main in BANK6

    None.

Critical Paths under _main in BANK7

    None.

Call Graph Tables:

 ---------------------------------------------------------------------------------
 (Depth) Function   	        Calls       Base Space   Used Autos Params    Refs
 ---------------------------------------------------------------------------------
 (0) _main                                                 2     2      0     218
                                              6 COMRAM     2     2      0
                              _delay
                         _timer2Init
 ---------------------------------------------------------------------------------
 (1) _timer2Init                                           0     0      0       0
 ---------------------------------------------------------------------------------
 (1) _delay                                                6     4      2     128
                                              0 COMRAM     6     4      2
 ---------------------------------------------------------------------------------
 Estimated maximum stack depth 1
 ---------------------------------------------------------------------------------

 Call Graph Graphs:

 _main (ROOT)
   _delay
   _timer2Init

 Address spaces:
Name               Size   Autos  Total    Cost      Usage
BIGRAM             7FF      0       0      21        0.0%
EEDATA             100      0       0       0        0.0%
BITBANK7           100      0       0      18        0.0%
BANK7              100      0       0      19        0.0%
BITBANK6           100      0       0      16        0.0%
BANK6              100      0       0      17        0.0%
BITBANK5           100      0       0      14        0.0%
BANK5              100      0       0      15        0.0%
BITBANK4           100      0       0      12        0.0%
BANK4              100      0       0      13        0.0%
BITBANK3           100      0       0      10        0.0%
BANK3              100      0       0      11        0.0%
BITBANK2           100      0       0       8        0.0%
BANK2              100      0       0       9        0.0%
BITBANK1           100      0       0       6        0.0%
BANK1              100      0       0       7        0.0%
BITBANK0            A0      0       0       4        0.0%
BANK0               A0      0       0       5        0.0%
BITCOMRAM           5F      0       1       0        1.1%
COMRAM              5F      8       A       1       10.5%
BITSFR               0      0       0      40        0.0%
SFR                  0      0       0      40        0.0%
STACK                0      0       0       2        0.0%
NULL                 0      0       0       0        0.0%
ABS                  0      0       A      20        0.0%
DATA                 0      0       A       3        0.0%
CODE                 0      0       0       0        0.0%


Microchip Technology PIC18 Macro Assembler V1.30 build 55553 
Symbol Table                                                                                   Thu Feb 04 11:42:38 2021

                    l621 7F6A                      l631 7F84                      l633 7F88  
                    l643 7FAA                      l655 7FD4                      _PR2 000FCB  
                   _main 7F96                     start 0800                    ?_main 0001  
                  _T2CON 000FCA                    _TIMER 0049                    _delay 7F60  
                  _count 000A                    main@i 0007           __pbitbssCOMRAM 0048  
                  status 000FD8          __initialization 7F56             __end_of_main 8000  
                 ??_main 0007            __activetblptr 000000                   ?_delay 0001  
                 _CCPR1L 000FBE                   _TMR2ON 007E52                   delay@i 0003  
                 delay@j 0005               __accesstop 0060  __end_of__initialization 7F5A  
         __pcstackCOMRAM 0001            __end_of_delay 7F96                  ??_delay 0003  
                _CCP1CON 000FBD                  __Hparam 0000                  __Lparam 0000  
                __pcinit 7F56                  __ramtop 0800                  __ptext0 7F96  
                __ptext1 7F4C                  __ptext2 7F60     end_of_initialization 7F5A  
             _timer2Init 7F4C                _TRISCbits 000F94      start_initialization 7F56  
            ?_timer2Init 0001              __pbssCOMRAM 000A           __size_of_delay 0036  
    __size_of_timer2Init 000A                delay@time 0001                 _LATCbits 000F8B  
               _SPEED_UP 0048                 __Hrparam 0000                 __Lrparam 0000  
          __size_of_main 006A             ??_timer2Init 0001       __end_of_timer2Init 7F56  
