

Microchip Technology PIC18 LITE Macro Assembler V1.30 build 55553 
                                                                                               Mon Feb 13 19:28:19 2017

Microchip Technology Omniscient Code Generator (Lite mode) build 55553
     1                           	processor	18F4550
     2                           	fnconf	rparam,??,?,0
     3                           	opt	pw 120
     4                           	opt	lm
     5                           	psect	text0,global,reloc=2,class=CODE,delta=1
     6                           	psect	cinit,global,reloc=2,class=CODE,delta=1
     7                           	psect	cstackCOMRAM,global,class=COMRAM,space=1,delta=1
     8                           	psect	text1,global,reloc=2,class=CODE,delta=1
     9                           	psect	intsave_regs,global,class=BIGRAM,space=1,delta=1
    10                           	psect	rparam,global,class=COMRAM,space=1,delta=1
    11  0000                     _LATB	set	3978
    12  0000                     _TRISB	set	3987
    13                           
    14                           ; 0 bytes @ 0x6
    15 ;;
    16 ;;Main: autosize = 0, tempsize = 0, incstack = 0, save=0
    17 ;;
    18 ;; *************** function _main *****************
    19 ;; Defined at:
    20 ;;		line 11 in file "main.c"
    21 ;; Parameters:    Size  Location     Type
    22 ;;		None
    23 ;; Auto vars:     Size  Location     Type
    24 ;;		None
    25 ;; Return value:  Size  Location     Type
    26 ;;		None               void
    27 ;; Registers used:
    28 ;;		wreg, status,2, status,0, cstack
    29 ;; Tracked objects:
    30 ;;		On entry : 0/0
    31 ;;		On exit  : 0/0
    32 ;;		Unchanged: 0/0
    33 ;; Data sizes:     COMRAM   BANK0   BANK1   BANK2   BANK3   BANK4   BANK5   BANK6   BANK7
    34 ;;      Params:         0       0       0       0       0       0       0       0       0
    35 ;;      Locals:         0       0       0       0       0       0       0       0       0
    36 ;;      Temps:          0       0       0       0       0       0       0       0       0
    37 ;;      Totals:         0       0       0       0       0       0       0       0       0
    38 ;;Total ram usage:        0 bytes
    39 ;; Hardware stack levels required when called:    1
    40 ;; This function calls:
    41 ;;		_delay
    42 ;; This function is called by:
    43 ;;		Startup code after reset
    44 ;; This function uses a non-reentrant model
    45 ;;
    46                           
    47                           	psect	text0
    48  007FB4                     __ptext0:
    49                           	opt stack 0
    50  007FB4                     _main:
    51                           	opt stack 30
    52                           
    53                           ;main.c: 13: TRISB = 0x00;
    54                           
    55                           ;incstack = 0
    56  007FB4  0E00               	movlw	0
    57  007FB6  6E93               	movwf	3987,c	;volatile
    58                           
    59                           ;main.c: 14: LATB = 0xFF;
    60  007FB8  688A               	setf	3978,c	;volatile
    61  007FBA                     l614:
    62                           
    63                           ;main.c: 17: {
    64                           ;main.c: 18: LATB = ~LATB;
    65  007FBA  1E8A               	comf	3978,f,c	;volatile
    66                           
    67                           ;main.c: 19: delay(200);
    68  007FBC  0E00               	movlw	0
    69  007FBE  6E02               	movwf	delay@time+1,c
    70  007FC0  0EC8               	movlw	200
    71  007FC2  6E01               	movwf	delay@time,c
    72  007FC4  ECE5  F03F         	call	_delay	;wreg free
    73  007FC8  D7F8               	goto	l614
    74  007FCA                     __end_of_main:
    75                           	opt stack 0
    76                           
    77                           	psect	cinit
    78  007FAE                     __pcinit:
    79                           	opt stack 0
    80  007FAE                     start_initialization:
    81                           	opt stack 0
    82  007FAE                     __initialization:
    83                           	opt stack 0
    84  007FAE                     end_of_initialization:
    85                           	opt stack 0
    86  007FAE                     __end_of__initialization:
    87                           	opt stack 0
    88  007FAE  0100               	movlb	0
    89  007FB0  EFDA  F03F         	goto	_main	;jump to C main() function
    90                           
    91                           	psect	cstackCOMRAM
    92  000001                     __pcstackCOMRAM:
    93                           	opt stack 0
    94  000001                     delay@time:
    95                           	opt stack 0
    96                           
    97                           ; 2 bytes @ 0x0
    98  000001                     	ds	2
    99  000003                     delay@i:
   100                           	opt stack 0
   101                           
   102                           ; 2 bytes @ 0x2
   103  000003                     	ds	2
   104  000005                     delay@j:
   105                           	opt stack 0
   106                           
   107                           ; 2 bytes @ 0x4
   108  000005                     	ds	2
   109  000007                     
   110 ;; *************** function _delay *****************
   111 ;; Defined at:
   112 ;;		line 4 in file "main.c"
   113 ;; Parameters:    Size  Location     Type
   114 ;;  time            2    0[COMRAM] unsigned int 
   115 ;; Auto vars:     Size  Location     Type
   116 ;;  j               2    4[COMRAM] unsigned int 
   117 ;;  i               2    2[COMRAM] unsigned int 
   118 ;; Return value:  Size  Location     Type
   119 ;;		None               void
   120 ;; Registers used:
   121 ;;		wreg, status,2, status,0
   122 ;; Tracked objects:
   123 ;;		On entry : 0/0
   124 ;;		On exit  : 0/0
   125 ;;		Unchanged: 0/0
   126 ;; Data sizes:     COMRAM   BANK0   BANK1   BANK2   BANK3   BANK4   BANK5   BANK6   BANK7
   127 ;;      Params:         2       0       0       0       0       0       0       0       0
   128 ;;      Locals:         4       0       0       0       0       0       0       0       0
   129 ;;      Temps:          0       0       0       0       0       0       0       0       0
   130 ;;      Totals:         6       0       0       0       0       0       0       0       0
   131 ;;Total ram usage:        6 bytes
   132 ;; Hardware stack levels used:    1
   133 ;; This function calls:
   134 ;;		Nothing
   135 ;; This function is called by:
   136 ;;		_main
   137 ;; This function uses a non-reentrant model
   138 ;;
   139                           
   140                           	psect	text1
   141  007FCA                     __ptext1:
   142                           	opt stack 0
   143  007FCA                     _delay:
   144                           	opt stack 30
   145                           
   146                           ;main.c: 6: unsigned int i,j;
   147                           ;main.c: 7: for(i=0;i<time;i++)
   148                           
   149                           ;incstack = 0
   150  007FCA  0E00               	movlw	0
   151  007FCC  6E04               	movwf	delay@i+1,c
   152  007FCE  0E00               	movlw	0
   153  007FD0  6E03               	movwf	delay@i,c
   154  007FD2  D00F               	goto	l608
   155  007FD4                     l596:
   156                           
   157                           ;main.c: 8: for(j=0;j<5000;j++);
   158  007FD4  0E00               	movlw	0
   159  007FD6  6E06               	movwf	delay@j+1,c
   160  007FD8  0E00               	movlw	0
   161  007FDA  6E05               	movwf	delay@j,c
   162  007FDC  0E88               	movlw	136
   163  007FDE  5C05               	subwf	delay@j,w,c
   164  007FE0  0E13               	movlw	19
   165  007FE2  5806               	subwfb	delay@j+1,w,c
   166  007FE4  B0D8               	btfsc	status,0,c
   167  007FE6  D003               	goto	l606
   168  007FE8  4A05               	infsnz	delay@j,f,c
   169  007FEA  2A06               	incf	delay@j+1,f,c
   170  007FEC  D7F7               	goto	L1
   171  007FEE                     l606:
   172  007FEE  4A03               	infsnz	delay@i,f,c
   173  007FF0  2A04               	incf	delay@i+1,f,c
   174  007FF2                     l608:
   175  007FF2  5001               	movf	delay@time,w,c
   176  007FF4  5C03               	subwf	delay@i,w,c
   177  007FF6  5002               	movf	delay@time+1,w,c
   178  007FF8  5804               	subwfb	delay@i+1,w,c
   179  007FFA  B0D8               	btfsc	status,0,c
   180  007FFC  0012               	return	
   181  007FFE  D7EA               	goto	l596
   182  008000                     __end_of_delay:
   183                           	opt stack 0
   184  0000                     status	equ	0xFD8
   185                           status	equ	0xFD8
   186                           
   187                           	psect	rparam
   188  0000                     status	equ	0xFD8


Data Sizes:
    Strings     0
    Constant    0
    Data        0
    BSS         0
    Persistent  0
    Stack       0

Auto Spaces:
    Space          Size  Autos    Used
    COMRAM           95      6       6
    BANK0           160      0       0
    BANK1           256      0       0
    BANK2           256      0       0
    BANK3           256      0       0
    BANK4           256      0       0
    BANK5           256      0       0
    BANK6           256      0       0
    BANK7           256      0       0

Pointer List with Targets:

    None.

Critical Paths under _main in COMRAM

    _main->_delay

Critical Paths under _main in BANK0

    None.

Critical Paths under _main in BANK1

    None.

Critical Paths under _main in BANK2

    None.

Critical Paths under _main in BANK3

    None.

Critical Paths under _main in BANK4

    None.

Critical Paths under _main in BANK5

    None.

Critical Paths under _main in BANK6

    None.

Critical Paths under _main in BANK7

    None.

Call Graph Tables:

 ---------------------------------------------------------------------------------
 (Depth) Function   	        Calls       Base Space   Used Autos Params    Refs
 ---------------------------------------------------------------------------------
 (0) _main                                                 0     0      0      94
                              _delay
 ---------------------------------------------------------------------------------
 (1) _delay                                                6     4      2      94
                                              0 COMRAM     6     4      2
 ---------------------------------------------------------------------------------
 Estimated maximum stack depth 1
 ---------------------------------------------------------------------------------

 Call Graph Graphs:

 _main (ROOT)
   _delay

 Address spaces:
Name               Size   Autos  Total    Cost      Usage
BITCOMRAM           5F      0       0       0        0.0%
EEDATA             100      0       0       0        0.0%
NULL                 0      0       0       0        0.0%
CODE                 0      0       0       0        0.0%
COMRAM              5F      6       6       1        6.3%
STACK                0      0       0       2        0.0%
DATA                 0      0       0       3        0.0%
BITBANK0            A0      0       0       4        0.0%
BANK0               A0      0       0       5        0.0%
BITBANK1           100      0       0       6        0.0%
BANK1              100      0       0       7        0.0%
BITBANK2           100      0       0       8        0.0%
BANK2              100      0       0       9        0.0%
BITBANK3           100      0       0      10        0.0%
BANK3              100      0       0      11        0.0%
BITBANK4           100      0       0      12        0.0%
BANK4              100      0       0      13        0.0%
BITBANK5           100      0       0      14        0.0%
BANK5              100      0       0      15        0.0%
BITBANK6           100      0       0      16        0.0%
BANK6              100      0       0      17        0.0%
BITBANK7           100      0       0      18        0.0%
BANK7              100      0       0      19        0.0%
ABS                  0      0       0      20        0.0%
BIGRAM             7FF      0       0      21        0.0%
BITSFR               0      0       0      40        0.0%
SFR                  0      0       0      40        0.0%


Microchip Technology PIC18 Macro Assembler V1.30 build 55553 
Symbol Table                                                                                   Mon Feb 13 19:28:19 2017

            __CFG_BOR$ON 000000              __CFG_BORV$3 000000             __CFG_CP0$OFF 000000  
           __CFG_CP1$OFF 000000             __CFG_CP2$OFF 000000             __CFG_CP3$OFF 000000  
                    l606 7FEE                      l614 7FBA                      l608 7FF2  
                    l596 7FD4             __CFG_CPB$OFF 000000             __CFG_CPD$OFF 000000  
           __CFG_LVP$OFF 000000             __CFG_WDT$OFF 000000                     _LATB 000F8A  
                   _main 7FB4                     start 0800            __CFG_IESO$OFF 000000  
          __CFG_MCLRE$ON 000000            __CFG_PLLDIV$5 000000           __CFG_CCP2MX$ON 000000  
                  ?_main 0001            __CFG_USBDIV$1 000000                    _TRISB 000F93  
          __CFG_PWRT$OFF 000000            __CFG_WRT0$OFF 000000            __CFG_WRT1$OFF 000000  
          __CFG_WRT2$OFF 000000            __CFG_WRT3$OFF 000000           __CFG_EBTR0$OFF 000000  
         __CFG_FCMEN$OFF 000000           __CFG_EBTR1$OFF 000000           __CFG_EBTR2$OFF 000000  
         __CFG_EBTR3$OFF 000000            __CFG_WRTB$OFF 000000            __CFG_WRTC$OFF 000000  
          __CFG_WRTD$OFF 000000           __CFG_EBTRB$OFF 000000                    _delay 7FCA  
                  status 000FD8           __CFG_ICPRT$OFF 000000          __initialization 7FAE  
           __end_of_main 7FCA                   ??_main 0007            __activetblptr 000000  
                 ?_delay 0001           __CFG_XINST$OFF 000000           __CFG_STVREN$ON 000000  
                 delay@i 0003                   delay@j 0005               __accesstop 0060  
__end_of__initialization 7FAE          __CFG_PBADEN$OFF 000000           __pcstackCOMRAM 0001  
          __end_of_delay 8000                  ??_delay 0003          __CFG_VREGEN$OFF 000000  
                __Hparam 0000                  __Lparam 0000                  __pcinit 7FAE  
                __ramtop 0800                  __ptext0 7FB4                  __ptext1 7FCA  
   end_of_initialization 7FAE      start_initialization 7FAE         __CFG_LPT1OSC$OFF 000000  
         __size_of_delay 0036                delay@time 0001         __CFG_WDTPS$32768 000000  
               __Hrparam 0000                 __Lrparam 0000            __size_of_main 0016  
  __CFG_CPUDIV$OSC1_PLL2 000000       __CFG_FOSC$HSPLL_HS 000000  
